Performing C SOURCE FILE Test CMAKE_HAVE_LIBC_PTHREAD failed with the following output:
Change Dir: /media/sf_zuo-sharefiles/ROSproject/turtle_rec/build/cpp_pubsub/CMakeFiles/CMakeTmp

Run Build Command(s):/usr/bin/make cmTC_79295/fast && make: 警告：文件“Makefile”的修改时间在未来 0.73 秒后
/usr/bin/make -f CMakeFiles/cmTC_79295.dir/build.make CMakeFiles/cmTC_79295.dir/build
make[1]: 进入目录“/media/sf_zuo-sharefiles/ROSproject/turtle_rec/build/cpp_pubsub/CMakeFiles/CMakeTmp”
make[1]: 警告：文件“CMakeFiles/cmTC_79295.dir/flags.make”的修改时间在未来 0.72 秒后
Building C object CMakeFiles/cmTC_79295.dir/src.c.o
/usr/bin/cc   -DCMAKE_HAVE_LIBC_PTHREAD   -o CMakeFiles/cmTC_79295.dir/src.c.o   -c /media/sf_zuo-sharefiles/ROSproject/turtle_rec/build/cpp_pubsub/CMakeFiles/CMakeTmp/src.c
Linking C executable cmTC_79295
/usr/bin/cmake -E cmake_link_script CMakeFiles/cmTC_79295.dir/link.txt --verbose=1
/usr/bin/cc  -DCMAKE_HAVE_LIBC_PTHREAD    CMakeFiles/cmTC_79295.dir/src.c.o  -o cmTC_79295 
/usr/bin/ld: CMakeFiles/cmTC_79295.dir/src.c.o: in function `main':
src.c:(.text+0x46): undefined reference to `pthread_create'
/usr/bin/ld: src.c:(.text+0x52): undefined reference to `pthread_detach'
/usr/bin/ld: src.c:(.text+0x63): undefined reference to `pthread_join'
collect2: error: ld returned 1 exit status
make[1]: *** [CMakeFiles/cmTC_79295.dir/build.make:87：cmTC_79295] 错误 1
make[1]: 离开目录“/media/sf_zuo-sharefiles/ROSproject/turtle_rec/build/cpp_pubsub/CMakeFiles/CMakeTmp”
make: *** [Makefile:121：cmTC_79295/fast] 错误 2


Source file was:
#include <pthread.h>

void* test_func(void* data)
{
  return data;
}

int main(void)
{
  pthread_t thread;
  pthread_create(&thread, NULL, test_func, NULL);
  pthread_detach(thread);
  pthread_join(thread, NULL);
  pthread_atfork(NULL, NULL, NULL);
  pthread_exit(NULL);

  return 0;
}

Determining if the function pthread_create exists in the pthreads failed with the following output:
Change Dir: /media/sf_zuo-sharefiles/ROSproject/turtle_rec/build/cpp_pubsub/CMakeFiles/CMakeTmp

Run Build Command(s):/usr/bin/make cmTC_9d0c2/fast && make: 警告：文件“Makefile”的修改时间在未来 0.72 秒后
/usr/bin/make -f CMakeFiles/cmTC_9d0c2.dir/build.make CMakeFiles/cmTC_9d0c2.dir/build
make[1]: 进入目录“/media/sf_zuo-sharefiles/ROSproject/turtle_rec/build/cpp_pubsub/CMakeFiles/CMakeTmp”
make[1]: 警告：文件“CMakeFiles/cmTC_9d0c2.dir/flags.make”的修改时间在未来 0.72 秒后
Building C object CMakeFiles/cmTC_9d0c2.dir/CheckFunctionExists.c.o
/usr/bin/cc   -DCHECK_FUNCTION_EXISTS=pthread_create   -o CMakeFiles/cmTC_9d0c2.dir/CheckFunctionExists.c.o   -c /usr/share/cmake-3.16/Modules/CheckFunctionExists.c
Linking C executable cmTC_9d0c2
/usr/bin/cmake -E cmake_link_script CMakeFiles/cmTC_9d0c2.dir/link.txt --verbose=1
/usr/bin/cc  -DCHECK_FUNCTION_EXISTS=pthread_create    CMakeFiles/cmTC_9d0c2.dir/CheckFunctionExists.c.o  -o cmTC_9d0c2  -lpthreads 
/usr/bin/ld: 找不到 -lpthreads
collect2: error: ld returned 1 exit status
make[1]: *** [CMakeFiles/cmTC_9d0c2.dir/build.make:87：cmTC_9d0c2] 错误 1
make[1]: 离开目录“/media/sf_zuo-sharefiles/ROSproject/turtle_rec/build/cpp_pubsub/CMakeFiles/CMakeTmp”
make: *** [Makefile:121：cmTC_9d0c2/fast] 错误 2



