[35m[1mScanning dependencies of target talker[0m
[ 50%] [32mBuilding CXX object CMakeFiles/talker.dir/src/chase-zuo.cpp.o[0m
[01m[K/media/sf_zuo-sharefiles/ROSproject/turtle_chase/cpp_pubsub/src/chase-zuo.cpp:23:12:[m[K [01;35m[Kwarning: [m[K‘[01m[Kg_turtlecount[m[K’ initialized and declared ‘[01m[Kextern[m[K’
   23 | extern int [01;35m[Kg_turtlecount[m[K=1;
      |            [01;35m[K^~~~~~~~~~~~~[m[K
[100%] [32m[1mLinking CXX executable talker[0m
[100%] Built target talker
-- Install configuration: ""
-- Installing: /media/sf_zuo-sharefiles/ROSproject/turtle_chase/install/cpp_pubsub/lib/cpp_pubsub/talker
-- Set runtime path of "/media/sf_zuo-sharefiles/ROSproject/turtle_chase/install/cpp_pubsub/lib/cpp_pubsub/talker" to ""
-- Up-to-date: /media/sf_zuo-sharefiles/ROSproject/turtle_chase/install/cpp_pubsub/share/ament_index/resource_index/package_run_dependencies/cpp_pubsub
-- Up-to-date: /media/sf_zuo-sharefiles/ROSproject/turtle_chase/install/cpp_pubsub/share/ament_index/resource_index/parent_prefix_path/cpp_pubsub
-- Up-to-date: /media/sf_zuo-sharefiles/ROSproject/turtle_chase/install/cpp_pubsub/share/cpp_pubsub/environment/ament_prefix_path.sh
-- Up-to-date: /media/sf_zuo-sharefiles/ROSproject/turtle_chase/install/cpp_pubsub/share/cpp_pubsub/environment/ament_prefix_path.dsv
-- Up-to-date: /media/sf_zuo-sharefiles/ROSproject/turtle_chase/install/cpp_pubsub/share/cpp_pubsub/environment/path.sh
-- Up-to-date: /media/sf_zuo-sharefiles/ROSproject/turtle_chase/install/cpp_pubsub/share/cpp_pubsub/environment/path.dsv
-- Up-to-date: /media/sf_zuo-sharefiles/ROSproject/turtle_chase/install/cpp_pubsub/share/cpp_pubsub/local_setup.bash
-- Up-to-date: /media/sf_zuo-sharefiles/ROSproject/turtle_chase/install/cpp_pubsub/share/cpp_pubsub/local_setup.sh
-- Up-to-date: /media/sf_zuo-sharefiles/ROSproject/turtle_chase/install/cpp_pubsub/share/cpp_pubsub/local_setup.zsh
-- Up-to-date: /media/sf_zuo-sharefiles/ROSproject/turtle_chase/install/cpp_pubsub/share/cpp_pubsub/local_setup.dsv
-- Installing: /media/sf_zuo-sharefiles/ROSproject/turtle_chase/install/cpp_pubsub/share/cpp_pubsub/package.dsv
-- Up-to-date: /media/sf_zuo-sharefiles/ROSproject/turtle_chase/install/cpp_pubsub/share/ament_index/resource_index/packages/cpp_pubsub
-- Up-to-date: /media/sf_zuo-sharefiles/ROSproject/turtle_chase/install/cpp_pubsub/share/cpp_pubsub/cmake/cpp_pubsubConfig.cmake
-- Up-to-date: /media/sf_zuo-sharefiles/ROSproject/turtle_chase/install/cpp_pubsub/share/cpp_pubsub/cmake/cpp_pubsubConfig-version.cmake
-- Up-to-date: /media/sf_zuo-sharefiles/ROSproject/turtle_chase/install/cpp_pubsub/share/cpp_pubsub/package.xml
