[0.379s] DEBUG:colcon:Command line arguments: ['/usr/bin/colcon', 'build', '--packages-select', 'cpp_pubsub']
[0.379s] DEBUG:colcon:Parsed command line arguments: Namespace(allow_overriding=[], ament_cmake_args=None, base_paths=['.'], build_base='build', catkin_cmake_args=None, catkin_skip_building_tests=False, cmake_args=None, cmake_clean_cache=False, cmake_clean_first=False, cmake_force_configure=False, cmake_target=None, cmake_target_skip_unavailable=False, continue_on_error=False, event_handlers=None, executor='parallel', ignore_user_meta=False, install_base='install', log_base=None, log_level=None, main=<bound method BuildVerb.main of <colcon_core.verb.build.BuildVerb object at 0x7fa7bf324820>>, merge_install=False, metas=['./colcon.meta'], packages_above=None, packages_above_and_dependencies=None, packages_above_depth=None, packages_end=None, packages_ignore=None, packages_ignore_regex=None, packages_select=['cpp_pubsub'], packages_select_build_failed=False, packages_select_by_dep=None, packages_select_regex=None, packages_select_test_failures=False, packages_skip=None, packages_skip_build_finished=False, packages_skip_by_dep=None, packages_skip_regex=None, packages_skip_test_passed=False, packages_skip_up_to=None, packages_start=None, packages_up_to=None, packages_up_to_regex=None, parallel_workers=1, paths=None, symlink_install=False, test_result_base=None, verb_extension=<colcon_core.verb.build.BuildVerb object at 0x7fa7bf324820>, verb_name='build', verb_parser=<colcon_defaults.argument_parser.defaults.DefaultArgumentsDecorator object at 0x7fa7bf331520>)
[0.645s] Level 1:colcon.colcon_core.package_discovery:discover_packages(colcon_meta) check parameters
[0.646s] Level 1:colcon.colcon_core.package_discovery:discover_packages(recursive) check parameters
[0.646s] Level 1:colcon.colcon_core.package_discovery:discover_packages(ignore) check parameters
[0.646s] Level 1:colcon.colcon_core.package_discovery:discover_packages(path) check parameters
[0.646s] Level 1:colcon.colcon_core.package_discovery:discover_packages(colcon_meta) discover
[0.646s] Level 1:colcon.colcon_core.package_discovery:discover_packages(recursive) discover
[0.647s] INFO:colcon.colcon_core.package_discovery:Crawling recursively for packages in '/media/sf_zuo-sharefiles/ROSproject/turtle_rec'
[0.647s] Level 1:colcon.colcon_core.package_identification:_identify(.) by extensions ['ignore', 'ignore_ament_install']
[0.648s] Level 1:colcon.colcon_core.package_identification:_identify(.) by extension 'ignore'
[0.648s] Level 1:colcon.colcon_core.package_identification:_identify(.) by extension 'ignore_ament_install'
[0.648s] Level 1:colcon.colcon_core.package_identification:_identify(.) by extensions ['colcon_pkg']
[0.649s] Level 1:colcon.colcon_core.package_identification:_identify(.) by extension 'colcon_pkg'
[0.649s] Level 1:colcon.colcon_core.package_identification:_identify(.) by extensions ['colcon_meta']
[0.649s] Level 1:colcon.colcon_core.package_identification:_identify(.) by extension 'colcon_meta'
[0.649s] Level 1:colcon.colcon_core.package_identification:_identify(.) by extensions ['ros']
[0.649s] Level 1:colcon.colcon_core.package_identification:_identify(.) by extension 'ros'
[0.670s] Level 1:colcon.colcon_core.package_identification:_identify(.) by extensions ['cmake', 'python']
[0.670s] Level 1:colcon.colcon_core.package_identification:_identify(.) by extension 'cmake'
[0.670s] Level 1:colcon.colcon_core.package_identification:_identify(.) by extension 'python'
[0.671s] Level 1:colcon.colcon_core.package_identification:_identify(.) by extensions ['python_setup_py']
[0.671s] Level 1:colcon.colcon_core.package_identification:_identify(.) by extension 'python_setup_py'
[0.671s] Level 1:colcon.colcon_core.package_identification:_identify(build) by extensions ['ignore', 'ignore_ament_install']
[0.671s] Level 1:colcon.colcon_core.package_identification:_identify(build) by extension 'ignore'
[0.672s] Level 1:colcon.colcon_core.package_identification:_identify(build) ignored
[0.673s] Level 1:colcon.colcon_core.package_identification:_identify(cpp_pubsub) by extensions ['ignore', 'ignore_ament_install']
[0.673s] Level 1:colcon.colcon_core.package_identification:_identify(cpp_pubsub) by extension 'ignore'
[0.674s] Level 1:colcon.colcon_core.package_identification:_identify(cpp_pubsub) by extension 'ignore_ament_install'
[0.674s] Level 1:colcon.colcon_core.package_identification:_identify(cpp_pubsub) by extensions ['colcon_pkg']
[0.674s] Level 1:colcon.colcon_core.package_identification:_identify(cpp_pubsub) by extension 'colcon_pkg'
[0.675s] Level 1:colcon.colcon_core.package_identification:_identify(cpp_pubsub) by extensions ['colcon_meta']
[0.675s] Level 1:colcon.colcon_core.package_identification:_identify(cpp_pubsub) by extension 'colcon_meta'
[0.675s] Level 1:colcon.colcon_core.package_identification:_identify(cpp_pubsub) by extensions ['ros']
[0.675s] Level 1:colcon.colcon_core.package_identification:_identify(cpp_pubsub) by extension 'ros'
[0.681s] DEBUG:colcon.colcon_core.package_identification:Package 'cpp_pubsub' with type 'ros.ament_cmake' and name 'cpp_pubsub'
[0.681s] Level 1:colcon.colcon_core.package_identification:_identify(install) by extensions ['ignore', 'ignore_ament_install']
[0.682s] Level 1:colcon.colcon_core.package_identification:_identify(install) by extension 'ignore'
[0.682s] Level 1:colcon.colcon_core.package_identification:_identify(install) ignored
[0.683s] Level 1:colcon.colcon_core.package_identification:_identify(log) by extensions ['ignore', 'ignore_ament_install']
[0.683s] Level 1:colcon.colcon_core.package_identification:_identify(log) by extension 'ignore'
[0.683s] Level 1:colcon.colcon_core.package_identification:_identify(log) ignored
[0.683s] Level 1:colcon.colcon_core.package_discovery:discover_packages(recursive) using defaults
[0.684s] Level 1:colcon.colcon_core.package_discovery:discover_packages(ignore) discover
[0.684s] Level 1:colcon.colcon_core.package_discovery:discover_packages(ignore) using defaults
[0.684s] Level 1:colcon.colcon_core.package_discovery:discover_packages(path) discover
[0.684s] Level 1:colcon.colcon_core.package_discovery:discover_packages(path) using defaults
[0.714s] Level 1:colcon.colcon_core.package_discovery:discover_packages(prefix_path) check parameters
[0.714s] Level 1:colcon.colcon_core.package_discovery:discover_packages(prefix_path) discover
[0.734s] DEBUG:colcon.colcon_installed_package_information.package_discovery:Found 1 installed packages in /media/sf_zuo-sharefiles/ROSproject/turtle_rec/install
[0.736s] DEBUG:colcon.colcon_installed_package_information.package_discovery:Found 256 installed packages in /opt/ros/foxy
[0.740s] Level 1:colcon.colcon_core.package_discovery:discover_packages(prefix_path) using defaults
[0.880s] Level 5:colcon.colcon_core.verb:set package 'cpp_pubsub' build argument 'cmake_args' from command line to 'None'
[0.881s] Level 5:colcon.colcon_core.verb:set package 'cpp_pubsub' build argument 'cmake_target' from command line to 'None'
[0.881s] Level 5:colcon.colcon_core.verb:set package 'cpp_pubsub' build argument 'cmake_target_skip_unavailable' from command line to 'False'
[0.881s] Level 5:colcon.colcon_core.verb:set package 'cpp_pubsub' build argument 'cmake_clean_cache' from command line to 'False'
[0.881s] Level 5:colcon.colcon_core.verb:set package 'cpp_pubsub' build argument 'cmake_clean_first' from command line to 'False'
[0.881s] Level 5:colcon.colcon_core.verb:set package 'cpp_pubsub' build argument 'cmake_force_configure' from command line to 'False'
[0.882s] Level 5:colcon.colcon_core.verb:set package 'cpp_pubsub' build argument 'ament_cmake_args' from command line to 'None'
[0.882s] Level 5:colcon.colcon_core.verb:set package 'cpp_pubsub' build argument 'catkin_cmake_args' from command line to 'None'
[0.882s] Level 5:colcon.colcon_core.verb:set package 'cpp_pubsub' build argument 'catkin_skip_building_tests' from command line to 'False'
[0.882s] DEBUG:colcon.colcon_core.verb:Building package 'cpp_pubsub' with the following arguments: {'ament_cmake_args': None, 'build_base': '/media/sf_zuo-sharefiles/ROSproject/turtle_rec/build/cpp_pubsub', 'catkin_cmake_args': None, 'catkin_skip_building_tests': False, 'cmake_args': None, 'cmake_clean_cache': False, 'cmake_clean_first': False, 'cmake_force_configure': False, 'cmake_target': None, 'cmake_target_skip_unavailable': False, 'install_base': '/media/sf_zuo-sharefiles/ROSproject/turtle_rec/install/cpp_pubsub', 'merge_install': False, 'path': '/media/sf_zuo-sharefiles/ROSproject/turtle_rec/cpp_pubsub', 'symlink_install': False, 'test_result_base': None}
[0.883s] INFO:colcon.colcon_core.executor:Executing jobs using 'parallel' executor
[0.884s] DEBUG:colcon.colcon_parallel_executor.executor.parallel:run_until_complete
[0.885s] INFO:colcon.colcon_ros.task.ament_cmake.build:Building ROS package in '/media/sf_zuo-sharefiles/ROSproject/turtle_rec/cpp_pubsub' with build type 'ament_cmake'
[0.885s] INFO:colcon.colcon_cmake.task.cmake.build:Building CMake package in '/media/sf_zuo-sharefiles/ROSproject/turtle_rec/cpp_pubsub'
[0.888s] INFO:colcon.colcon_core.plugin_system:Skipping extension 'colcon_core.shell.bat': Not used on non-Windows systems
[0.888s] INFO:colcon.colcon_core.shell:Skip shell extension 'powershell' for command environment: Not usable outside of PowerShell
[0.889s] DEBUG:colcon.colcon_core.shell:Skip shell extension 'dsv' for command environment
[0.935s] DEBUG:colcon.colcon_core.event_handler.log_command:Invoking command in '/media/sf_zuo-sharefiles/ROSproject/turtle_rec/build/cpp_pubsub': CMAKE_PREFIX_PATH=${CMAKE_PREFIX_PATH}:/opt/ros/foxy /usr/bin/cmake --build /media/sf_zuo-sharefiles/ROSproject/turtle_rec/build/cpp_pubsub -- -j1 -l1
[6.887s] DEBUG:colcon.colcon_core.event_handler.log_command:Invoked command in '/media/sf_zuo-sharefiles/ROSproject/turtle_rec/build/cpp_pubsub' returned '0': CMAKE_PREFIX_PATH=${CMAKE_PREFIX_PATH}:/opt/ros/foxy /usr/bin/cmake --build /media/sf_zuo-sharefiles/ROSproject/turtle_rec/build/cpp_pubsub -- -j1 -l1
[6.942s] DEBUG:colcon.colcon_core.event_handler.log_command:Invoking command in '/media/sf_zuo-sharefiles/ROSproject/turtle_rec/build/cpp_pubsub': CMAKE_PREFIX_PATH=${CMAKE_PREFIX_PATH}:/opt/ros/foxy /usr/bin/cmake --install /media/sf_zuo-sharefiles/ROSproject/turtle_rec/build/cpp_pubsub
[7.048s] Level 1:colcon.colcon_core.environment:create_environment_scripts_only(cpp_pubsub)
[7.052s] DEBUG:colcon.colcon_core.event_handler.log_command:Invoked command in '/media/sf_zuo-sharefiles/ROSproject/turtle_rec/build/cpp_pubsub' returned '0': CMAKE_PREFIX_PATH=${CMAKE_PREFIX_PATH}:/opt/ros/foxy /usr/bin/cmake --install /media/sf_zuo-sharefiles/ROSproject/turtle_rec/build/cpp_pubsub
[7.053s] Level 1:colcon.colcon_core.environment:checking '/media/sf_zuo-sharefiles/ROSproject/turtle_rec/install/cpp_pubsub' for CMake module files
[7.058s] Level 1:colcon.colcon_core.environment:checking '/media/sf_zuo-sharefiles/ROSproject/turtle_rec/install/cpp_pubsub' for CMake config files
[7.063s] Level 1:colcon.colcon_core.shell:create_environment_hook('cpp_pubsub', 'cmake_prefix_path')
[7.064s] INFO:colcon.colcon_core.shell:Creating environment hook '/media/sf_zuo-sharefiles/ROSproject/turtle_rec/install/cpp_pubsub/share/cpp_pubsub/hook/cmake_prefix_path.ps1'
[7.066s] INFO:colcon.colcon_core.shell:Creating environment descriptor '/media/sf_zuo-sharefiles/ROSproject/turtle_rec/install/cpp_pubsub/share/cpp_pubsub/hook/cmake_prefix_path.dsv'
[7.070s] INFO:colcon.colcon_core.shell:Creating environment hook '/media/sf_zuo-sharefiles/ROSproject/turtle_rec/install/cpp_pubsub/share/cpp_pubsub/hook/cmake_prefix_path.sh'
[7.073s] Level 1:colcon.colcon_core.environment:checking '/media/sf_zuo-sharefiles/ROSproject/turtle_rec/install/cpp_pubsub/lib'
[7.074s] Level 1:colcon.colcon_core.environment:checking '/media/sf_zuo-sharefiles/ROSproject/turtle_rec/install/cpp_pubsub/bin'
[7.075s] Level 1:colcon.colcon_core.environment:checking '/media/sf_zuo-sharefiles/ROSproject/turtle_rec/install/cpp_pubsub/lib/pkgconfig/cpp_pubsub.pc'
[7.075s] Level 1:colcon.colcon_core.environment:checking '/media/sf_zuo-sharefiles/ROSproject/turtle_rec/install/cpp_pubsub/lib/python3.8/site-packages'
[7.076s] Level 1:colcon.colcon_core.environment:checking '/media/sf_zuo-sharefiles/ROSproject/turtle_rec/install/cpp_pubsub/bin'
[7.077s] INFO:colcon.colcon_core.shell:Creating package script '/media/sf_zuo-sharefiles/ROSproject/turtle_rec/install/cpp_pubsub/share/cpp_pubsub/package.ps1'
[7.079s] INFO:colcon.colcon_core.shell:Creating package descriptor '/media/sf_zuo-sharefiles/ROSproject/turtle_rec/install/cpp_pubsub/share/cpp_pubsub/package.dsv'
[7.081s] INFO:colcon.colcon_core.shell:Creating package script '/media/sf_zuo-sharefiles/ROSproject/turtle_rec/install/cpp_pubsub/share/cpp_pubsub/package.sh'
[7.083s] INFO:colcon.colcon_core.shell:Creating package script '/media/sf_zuo-sharefiles/ROSproject/turtle_rec/install/cpp_pubsub/share/cpp_pubsub/package.bash'
[7.085s] INFO:colcon.colcon_core.shell:Creating package script '/media/sf_zuo-sharefiles/ROSproject/turtle_rec/install/cpp_pubsub/share/cpp_pubsub/package.zsh'
[7.087s] Level 1:colcon.colcon_core.environment:create_file_with_runtime_dependencies(/media/sf_zuo-sharefiles/ROSproject/turtle_rec/install/cpp_pubsub/share/colcon-core/packages/cpp_pubsub)
[7.129s] Level 1:colcon.colcon_core.environment:create_environment_scripts_only(cpp_pubsub)
[7.130s] Level 1:colcon.colcon_core.environment:checking '/media/sf_zuo-sharefiles/ROSproject/turtle_rec/install/cpp_pubsub' for CMake module files
[7.136s] Level 1:colcon.colcon_core.environment:checking '/media/sf_zuo-sharefiles/ROSproject/turtle_rec/install/cpp_pubsub' for CMake config files
[7.141s] Level 1:colcon.colcon_core.shell:create_environment_hook('cpp_pubsub', 'cmake_prefix_path')
[7.141s] INFO:colcon.colcon_core.shell:Creating environment hook '/media/sf_zuo-sharefiles/ROSproject/turtle_rec/install/cpp_pubsub/share/cpp_pubsub/hook/cmake_prefix_path.ps1'
[7.143s] INFO:colcon.colcon_core.shell:Creating environment descriptor '/media/sf_zuo-sharefiles/ROSproject/turtle_rec/install/cpp_pubsub/share/cpp_pubsub/hook/cmake_prefix_path.dsv'
[7.144s] INFO:colcon.colcon_core.shell:Creating environment hook '/media/sf_zuo-sharefiles/ROSproject/turtle_rec/install/cpp_pubsub/share/cpp_pubsub/hook/cmake_prefix_path.sh'
[7.146s] Level 1:colcon.colcon_core.environment:checking '/media/sf_zuo-sharefiles/ROSproject/turtle_rec/install/cpp_pubsub/lib'
[7.146s] Level 1:colcon.colcon_core.environment:checking '/media/sf_zuo-sharefiles/ROSproject/turtle_rec/install/cpp_pubsub/bin'
[7.147s] Level 1:colcon.colcon_core.environment:checking '/media/sf_zuo-sharefiles/ROSproject/turtle_rec/install/cpp_pubsub/lib/pkgconfig/cpp_pubsub.pc'
[7.147s] Level 1:colcon.colcon_core.environment:checking '/media/sf_zuo-sharefiles/ROSproject/turtle_rec/install/cpp_pubsub/lib/python3.8/site-packages'
[7.148s] Level 1:colcon.colcon_core.environment:checking '/media/sf_zuo-sharefiles/ROSproject/turtle_rec/install/cpp_pubsub/bin'
[7.149s] INFO:colcon.colcon_core.shell:Creating package script '/media/sf_zuo-sharefiles/ROSproject/turtle_rec/install/cpp_pubsub/share/cpp_pubsub/package.ps1'
[7.150s] INFO:colcon.colcon_core.shell:Creating package descriptor '/media/sf_zuo-sharefiles/ROSproject/turtle_rec/install/cpp_pubsub/share/cpp_pubsub/package.dsv'
[7.152s] INFO:colcon.colcon_core.shell:Creating package script '/media/sf_zuo-sharefiles/ROSproject/turtle_rec/install/cpp_pubsub/share/cpp_pubsub/package.sh'
[7.154s] INFO:colcon.colcon_core.shell:Creating package script '/media/sf_zuo-sharefiles/ROSproject/turtle_rec/install/cpp_pubsub/share/cpp_pubsub/package.bash'
[7.158s] INFO:colcon.colcon_core.shell:Creating package script '/media/sf_zuo-sharefiles/ROSproject/turtle_rec/install/cpp_pubsub/share/cpp_pubsub/package.zsh'
[7.159s] Level 1:colcon.colcon_core.environment:create_file_with_runtime_dependencies(/media/sf_zuo-sharefiles/ROSproject/turtle_rec/install/cpp_pubsub/share/colcon-core/packages/cpp_pubsub)
[7.161s] DEBUG:colcon.colcon_parallel_executor.executor.parallel:closing loop
[7.163s] DEBUG:colcon.colcon_parallel_executor.executor.parallel:loop closed
[7.164s] DEBUG:colcon.colcon_parallel_executor.executor.parallel:run_until_complete finished with '0'
[7.165s] DEBUG:colcon.colcon_core.event_reactor:joining thread
[7.179s] INFO:colcon.colcon_core.plugin_system:Skipping extension 'colcon_notification.desktop_notification.terminal_notifier': Not used on non-Darwin systems
[7.179s] INFO:colcon.colcon_core.plugin_system:Skipping extension 'colcon_notification.desktop_notification.win32': Not used on non-Windows systems
[7.179s] INFO:colcon.colcon_notification.desktop_notification:Sending desktop notification using 'notify2'
[7.216s] DEBUG:colcon.colcon_core.event_reactor:joined thread
[7.217s] INFO:colcon.colcon_core.shell:Creating prefix script '/media/sf_zuo-sharefiles/ROSproject/turtle_rec/install/local_setup.ps1'
[7.224s] INFO:colcon.colcon_core.shell:Creating prefix util module '/media/sf_zuo-sharefiles/ROSproject/turtle_rec/install/_local_setup_util_ps1.py'
[7.230s] INFO:colcon.colcon_core.shell:Creating prefix chain script '/media/sf_zuo-sharefiles/ROSproject/turtle_rec/install/setup.ps1'
[7.237s] INFO:colcon.colcon_core.shell:Creating prefix script '/media/sf_zuo-sharefiles/ROSproject/turtle_rec/install/local_setup.sh'
[7.240s] INFO:colcon.colcon_core.shell:Creating prefix util module '/media/sf_zuo-sharefiles/ROSproject/turtle_rec/install/_local_setup_util_sh.py'
[7.244s] INFO:colcon.colcon_core.shell:Creating prefix chain script '/media/sf_zuo-sharefiles/ROSproject/turtle_rec/install/setup.sh'
[7.248s] INFO:colcon.colcon_core.shell:Creating prefix script '/media/sf_zuo-sharefiles/ROSproject/turtle_rec/install/local_setup.bash'
[7.252s] INFO:colcon.colcon_core.shell:Creating prefix chain script '/media/sf_zuo-sharefiles/ROSproject/turtle_rec/install/setup.bash'
[7.260s] INFO:colcon.colcon_core.shell:Creating prefix script '/media/sf_zuo-sharefiles/ROSproject/turtle_rec/install/local_setup.zsh'
[7.262s] INFO:colcon.colcon_core.shell:Creating prefix chain script '/media/sf_zuo-sharefiles/ROSproject/turtle_rec/install/setup.zsh'
