[0.010s] Invoking command in '/home/stark/turtle_ooo/turtle_ws/build/cpp_pubsub': CMAKE_PREFIX_PATH=/opt/ros/humble /usr/bin/cmake /home/stark/turtle_ooo/turtle_ws/src/cpp_pubsub -DCMAKE_INSTALL_PREFIX=/home/stark/turtle_ooo/turtle_ws/install/cpp_pubsub
[0.081s] -- The C compiler identification is GNU 11.4.0
[0.138s] -- The CXX compiler identification is GNU 11.4.0
[0.148s] -- Detecting C compiler ABI info
[0.226s] -- Detecting C compiler ABI info - done
[0.232s] -- Check for working C compiler: /usr/bin/cc - skipped
[0.233s] -- Detecting C compile features
[0.234s] -- Detecting C compile features - done
[0.238s] -- Detecting CXX compiler ABI info
[0.321s] -- Detecting CXX compiler ABI info - done
[0.321s] -- Check for working CXX compiler: /usr/bin/c++ - skipped
[0.322s] -- Detecting CXX compile features
[0.323s] -- Detecting CXX compile features - done
[0.326s] -- Found ament_cmake: 1.3.10 (/opt/ros/humble/share/ament_cmake/cmake)
[0.450s] -- Found Python3: /usr/bin/python3 (found version "3.10.12") found components: Interpreter 
[0.527s] -- Found rclcpp: 16.0.10 (/opt/ros/humble/share/rclcpp/cmake)
[0.563s] -- Found rosidl_generator_c: 3.1.5 (/opt/ros/humble/share/rosidl_generator_c/cmake)
[0.567s] -- Found rosidl_adapter: 3.1.5 (/opt/ros/humble/share/rosidl_adapter/cmake)
[0.583s] -- Found rosidl_generator_cpp: 3.1.5 (/opt/ros/humble/share/rosidl_generator_cpp/cmake)
[0.585s] -- Using all available rosidl_typesupport_c: rosidl_typesupport_fastrtps_c;rosidl_typesupport_introspection_c
[0.596s] -- Using all available rosidl_typesupport_cpp: rosidl_typesupport_fastrtps_cpp;rosidl_typesupport_introspection_cpp
[0.624s] -- Found rmw_implementation_cmake: 6.1.2 (/opt/ros/humble/share/rmw_implementation_cmake/cmake)
[0.625s] -- Found rmw_fastrtps_cpp: 6.2.7 (/opt/ros/humble/share/rmw_fastrtps_cpp/cmake)
[0.705s] -- Found OpenSSL: /usr/lib/x86_64-linux-gnu/libcrypto.so (found version "3.0.2")  
[0.723s] -- Found FastRTPS: /opt/ros/humble/include  
[0.765s] -- Using RMW implementation 'rmw_fastrtps_cpp' as default
[0.776s] -- Looking for pthread.h
[0.871s] -- Looking for pthread.h - found
[0.872s] -- Performing Test CMAKE_HAVE_LIBC_PTHREAD
[0.944s] -- Performing Test CMAKE_HAVE_LIBC_PTHREAD - Success
[0.952s] -- Found Threads: TRUE  
[1.018s] -- Found geometry_msgs: 4.2.4 (/opt/ros/humble/share/geometry_msgs/cmake)
[1.036s] -- Found ament_lint_auto: 0.12.11 (/opt/ros/humble/share/ament_lint_auto/cmake)
[1.123s] -- Added test 'copyright' to check source files copyright and LICENSE
[1.123s] -- Added test 'cppcheck' to perform static code analysis on C / C++ code
[1.124s] -- Configured cppcheck include dirs: 
[1.124s] -- Configured cppcheck exclude dirs and/or files: 
[1.125s] -- Added test 'cpplint' to check C / C++ code against the Google style
[1.126s] -- Configured cpplint exclude dirs and/or files: 
[1.127s] -- Added test 'lint_cmake' to check CMake code style
[1.128s] -- Added test 'uncrustify' to check C / C++ code style
[1.128s] -- Configured uncrustify additional arguments: 
[1.130s] -- Added test 'xmllint' to check XML markup files
[1.131s] -- Configuring done
[1.142s] -- Generating done
[1.147s] -- Build files have been written to: /home/stark/turtle_ooo/turtle_ws/build/cpp_pubsub
[1.153s] Invoked command in '/home/stark/turtle_ooo/turtle_ws/build/cpp_pubsub' returned '0': CMAKE_PREFIX_PATH=/opt/ros/humble /usr/bin/cmake /home/stark/turtle_ooo/turtle_ws/src/cpp_pubsub -DCMAKE_INSTALL_PREFIX=/home/stark/turtle_ooo/turtle_ws/install/cpp_pubsub
[1.156s] Invoking command in '/home/stark/turtle_ooo/turtle_ws/build/cpp_pubsub': CMAKE_PREFIX_PATH=/opt/ros/humble /usr/bin/cmake --build /home/stark/turtle_ooo/turtle_ws/build/cpp_pubsub -- -j1 -l1
[1.222s] [ 50%] [32mBuilding CXX object CMakeFiles/talker.dir/src/circleNode-zuo.cpp.o[0m
[5.477s] [100%] [32m[1mLinking CXX executable talker[0m
[5.839s] [100%] Built target talker
[5.851s] Invoked command in '/home/stark/turtle_ooo/turtle_ws/build/cpp_pubsub' returned '0': CMAKE_PREFIX_PATH=/opt/ros/humble /usr/bin/cmake --build /home/stark/turtle_ooo/turtle_ws/build/cpp_pubsub -- -j1 -l1
[5.896s] Invoking command in '/home/stark/turtle_ooo/turtle_ws/build/cpp_pubsub': CMAKE_PREFIX_PATH=/opt/ros/humble /usr/bin/cmake --install /home/stark/turtle_ooo/turtle_ws/build/cpp_pubsub
[5.898s] -- Install configuration: ""
[5.899s] -- Installing: /home/stark/turtle_ooo/turtle_ws/install/cpp_pubsub/lib/cpp_pubsub/talker
[5.902s] -- Set runtime path of "/home/stark/turtle_ooo/turtle_ws/install/cpp_pubsub/lib/cpp_pubsub/talker" to ""
[5.903s] -- Installing: /home/stark/turtle_ooo/turtle_ws/install/cpp_pubsub/share/ament_index/resource_index/package_run_dependencies/cpp_pubsub
[5.903s] -- Installing: /home/stark/turtle_ooo/turtle_ws/install/cpp_pubsub/share/ament_index/resource_index/parent_prefix_path/cpp_pubsub
[5.904s] -- Installing: /home/stark/turtle_ooo/turtle_ws/install/cpp_pubsub/share/cpp_pubsub/environment/ament_prefix_path.sh
[5.904s] -- Installing: /home/stark/turtle_ooo/turtle_ws/install/cpp_pubsub/share/cpp_pubsub/environment/ament_prefix_path.dsv
[5.904s] -- Installing: /home/stark/turtle_ooo/turtle_ws/install/cpp_pubsub/share/cpp_pubsub/environment/path.sh
[5.905s] -- Installing: /home/stark/turtle_ooo/turtle_ws/install/cpp_pubsub/share/cpp_pubsub/environment/path.dsv
[5.905s] -- Installing: /home/stark/turtle_ooo/turtle_ws/install/cpp_pubsub/share/cpp_pubsub/local_setup.bash
[5.905s] -- Installing: /home/stark/turtle_ooo/turtle_ws/install/cpp_pubsub/share/cpp_pubsub/local_setup.sh
[5.906s] -- Installing: /home/stark/turtle_ooo/turtle_ws/install/cpp_pubsub/share/cpp_pubsub/local_setup.zsh
[5.906s] -- Installing: /home/stark/turtle_ooo/turtle_ws/install/cpp_pubsub/share/cpp_pubsub/local_setup.dsv
[5.907s] -- Installing: /home/stark/turtle_ooo/turtle_ws/install/cpp_pubsub/share/cpp_pubsub/package.dsv
[5.907s] -- Installing: /home/stark/turtle_ooo/turtle_ws/install/cpp_pubsub/share/ament_index/resource_index/packages/cpp_pubsub
[5.907s] -- Installing: /home/stark/turtle_ooo/turtle_ws/install/cpp_pubsub/share/cpp_pubsub/cmake/cpp_pubsubConfig.cmake
[5.908s] -- Installing: /home/stark/turtle_ooo/turtle_ws/install/cpp_pubsub/share/cpp_pubsub/cmake/cpp_pubsubConfig-version.cmake
[5.909s] -- Installing: /home/stark/turtle_ooo/turtle_ws/install/cpp_pubsub/share/cpp_pubsub/package.xml
[5.915s] Invoked command in '/home/stark/turtle_ooo/turtle_ws/build/cpp_pubsub' returned '0': CMAKE_PREFIX_PATH=/opt/ros/humble /usr/bin/cmake --install /home/stark/turtle_ooo/turtle_ws/build/cpp_pubsub
