[0.594s] DEBUG:colcon:Command line arguments: ['/usr/bin/colcon', 'build', '--packages-select', 'cpp_pubsub']
[0.595s] DEBUG:colcon:Parsed command line arguments: Namespace(allow_overriding=[], ament_cmake_args=None, base_paths=['.'], build_base='build', catkin_cmake_args=None, catkin_skip_building_tests=False, cmake_args=None, cmake_clean_cache=False, cmake_clean_first=False, cmake_force_configure=False, cmake_target=None, cmake_target_skip_unavailable=False, continue_on_error=False, event_handlers=None, executor='parallel', ignore_user_meta=False, install_base='install', log_base=None, log_level=None, main=<bound method BuildVerb.main of <colcon_core.verb.build.BuildVerb object at 0x7f992a25c040>>, merge_install=False, metas=['./colcon.meta'], packages_above=None, packages_above_and_dependencies=None, packages_above_depth=None, packages_end=None, packages_ignore=None, packages_ignore_regex=None, packages_select=['cpp_pubsub'], packages_select_build_failed=False, packages_select_by_dep=None, packages_select_regex=None, packages_select_test_failures=False, packages_skip=None, packages_skip_build_finished=False, packages_skip_by_dep=None, packages_skip_regex=None, packages_skip_test_passed=False, packages_skip_up_to=None, packages_start=None, packages_up_to=None, packages_up_to_regex=None, parallel_workers=1, paths=None, symlink_install=False, test_result_base=None, verb_extension=<colcon_core.verb.build.BuildVerb object at 0x7f992a25c040>, verb_name='build', verb_parser=<colcon_defaults.argument_parser.defaults.DefaultArgumentsDecorator object at 0x7f992a25c550>)
[0.983s] Level 1:colcon.colcon_core.package_discovery:discover_packages(colcon_meta) check parameters
[0.983s] Level 1:colcon.colcon_core.package_discovery:discover_packages(recursive) check parameters
[0.983s] Level 1:colcon.colcon_core.package_discovery:discover_packages(ignore) check parameters
[0.984s] Level 1:colcon.colcon_core.package_discovery:discover_packages(path) check parameters
[0.984s] Level 1:colcon.colcon_core.package_discovery:discover_packages(colcon_meta) discover
[0.984s] Level 1:colcon.colcon_core.package_discovery:discover_packages(recursive) discover
[0.984s] INFO:colcon.colcon_core.package_discovery:Crawling recursively for packages in '/media/sf_zuo-sharefiles/ROSproject/turtle_chase'
[0.985s] Level 1:colcon.colcon_core.package_identification:_identify(.) by extensions ['ignore', 'ignore_ament_install']
[0.986s] Level 1:colcon.colcon_core.package_identification:_identify(.) by extension 'ignore'
[0.986s] Level 1:colcon.colcon_core.package_identification:_identify(.) by extension 'ignore_ament_install'
[0.987s] Level 1:colcon.colcon_core.package_identification:_identify(.) by extensions ['colcon_pkg']
[0.987s] Level 1:colcon.colcon_core.package_identification:_identify(.) by extension 'colcon_pkg'
[0.987s] Level 1:colcon.colcon_core.package_identification:_identify(.) by extensions ['colcon_meta']
[0.987s] Level 1:colcon.colcon_core.package_identification:_identify(.) by extension 'colcon_meta'
[0.988s] Level 1:colcon.colcon_core.package_identification:_identify(.) by extensions ['ros']
[0.988s] Level 1:colcon.colcon_core.package_identification:_identify(.) by extension 'ros'
[1.017s] Level 1:colcon.colcon_core.package_identification:_identify(.) by extensions ['cmake', 'python']
[1.018s] Level 1:colcon.colcon_core.package_identification:_identify(.) by extension 'cmake'
[1.018s] Level 1:colcon.colcon_core.package_identification:_identify(.) by extension 'python'
[1.018s] Level 1:colcon.colcon_core.package_identification:_identify(.) by extensions ['python_setup_py']
[1.018s] Level 1:colcon.colcon_core.package_identification:_identify(.) by extension 'python_setup_py'
[1.019s] Level 1:colcon.colcon_core.package_identification:_identify(build) by extensions ['ignore', 'ignore_ament_install']
[1.020s] Level 1:colcon.colcon_core.package_identification:_identify(build) by extension 'ignore'
[1.020s] Level 1:colcon.colcon_core.package_identification:_identify(build) ignored
[1.021s] Level 1:colcon.colcon_core.package_identification:_identify(cpp_pubsub) by extensions ['ignore', 'ignore_ament_install']
[1.021s] Level 1:colcon.colcon_core.package_identification:_identify(cpp_pubsub) by extension 'ignore'
[1.021s] Level 1:colcon.colcon_core.package_identification:_identify(cpp_pubsub) by extension 'ignore_ament_install'
[1.022s] Level 1:colcon.colcon_core.package_identification:_identify(cpp_pubsub) by extensions ['colcon_pkg']
[1.022s] Level 1:colcon.colcon_core.package_identification:_identify(cpp_pubsub) by extension 'colcon_pkg'
[1.022s] Level 1:colcon.colcon_core.package_identification:_identify(cpp_pubsub) by extensions ['colcon_meta']
[1.023s] Level 1:colcon.colcon_core.package_identification:_identify(cpp_pubsub) by extension 'colcon_meta'
[1.023s] Level 1:colcon.colcon_core.package_identification:_identify(cpp_pubsub) by extensions ['ros']
[1.023s] Level 1:colcon.colcon_core.package_identification:_identify(cpp_pubsub) by extension 'ros'
[1.031s] DEBUG:colcon.colcon_core.package_identification:Package 'cpp_pubsub' with type 'ros.ament_cmake' and name 'cpp_pubsub'
[1.032s] Level 1:colcon.colcon_core.package_identification:_identify(install) by extensions ['ignore', 'ignore_ament_install']
[1.032s] Level 1:colcon.colcon_core.package_identification:_identify(install) by extension 'ignore'
[1.033s] Level 1:colcon.colcon_core.package_identification:_identify(install) ignored
[1.034s] Level 1:colcon.colcon_core.package_identification:_identify(log) by extensions ['ignore', 'ignore_ament_install']
[1.034s] Level 1:colcon.colcon_core.package_identification:_identify(log) by extension 'ignore'
[1.035s] Level 1:colcon.colcon_core.package_identification:_identify(log) ignored
[1.035s] Level 1:colcon.colcon_core.package_discovery:discover_packages(recursive) using defaults
[1.035s] Level 1:colcon.colcon_core.package_discovery:discover_packages(ignore) discover
[1.035s] Level 1:colcon.colcon_core.package_discovery:discover_packages(ignore) using defaults
[1.036s] Level 1:colcon.colcon_core.package_discovery:discover_packages(path) discover
[1.036s] Level 1:colcon.colcon_core.package_discovery:discover_packages(path) using defaults
[1.087s] Level 1:colcon.colcon_core.package_discovery:discover_packages(prefix_path) check parameters
[1.088s] Level 1:colcon.colcon_core.package_discovery:discover_packages(prefix_path) discover
[1.099s] DEBUG:colcon.colcon_installed_package_information.package_discovery:Found 1 installed packages in /media/sf_zuo-sharefiles/ROSproject/turtle_chase/install
[1.102s] DEBUG:colcon.colcon_installed_package_information.package_discovery:Found 256 installed packages in /opt/ros/foxy
[1.107s] Level 1:colcon.colcon_core.package_discovery:discover_packages(prefix_path) using defaults
[1.320s] Level 5:colcon.colcon_core.verb:set package 'cpp_pubsub' build argument 'cmake_args' from command line to 'None'
[1.320s] Level 5:colcon.colcon_core.verb:set package 'cpp_pubsub' build argument 'cmake_target' from command line to 'None'
[1.320s] Level 5:colcon.colcon_core.verb:set package 'cpp_pubsub' build argument 'cmake_target_skip_unavailable' from command line to 'False'
[1.320s] Level 5:colcon.colcon_core.verb:set package 'cpp_pubsub' build argument 'cmake_clean_cache' from command line to 'False'
[1.320s] Level 5:colcon.colcon_core.verb:set package 'cpp_pubsub' build argument 'cmake_clean_first' from command line to 'False'
[1.321s] Level 5:colcon.colcon_core.verb:set package 'cpp_pubsub' build argument 'cmake_force_configure' from command line to 'False'
[1.321s] Level 5:colcon.colcon_core.verb:set package 'cpp_pubsub' build argument 'ament_cmake_args' from command line to 'None'
[1.321s] Level 5:colcon.colcon_core.verb:set package 'cpp_pubsub' build argument 'catkin_cmake_args' from command line to 'None'
[1.321s] Level 5:colcon.colcon_core.verb:set package 'cpp_pubsub' build argument 'catkin_skip_building_tests' from command line to 'False'
[1.321s] DEBUG:colcon.colcon_core.verb:Building package 'cpp_pubsub' with the following arguments: {'ament_cmake_args': None, 'build_base': '/media/sf_zuo-sharefiles/ROSproject/turtle_chase/build/cpp_pubsub', 'catkin_cmake_args': None, 'catkin_skip_building_tests': False, 'cmake_args': None, 'cmake_clean_cache': False, 'cmake_clean_first': False, 'cmake_force_configure': False, 'cmake_target': None, 'cmake_target_skip_unavailable': False, 'install_base': '/media/sf_zuo-sharefiles/ROSproject/turtle_chase/install/cpp_pubsub', 'merge_install': False, 'path': '/media/sf_zuo-sharefiles/ROSproject/turtle_chase/cpp_pubsub', 'symlink_install': False, 'test_result_base': None}
[1.322s] INFO:colcon.colcon_core.executor:Executing jobs using 'parallel' executor
[1.324s] DEBUG:colcon.colcon_parallel_executor.executor.parallel:run_until_complete
[1.325s] INFO:colcon.colcon_ros.task.ament_cmake.build:Building ROS package in '/media/sf_zuo-sharefiles/ROSproject/turtle_chase/cpp_pubsub' with build type 'ament_cmake'
[1.325s] INFO:colcon.colcon_cmake.task.cmake.build:Building CMake package in '/media/sf_zuo-sharefiles/ROSproject/turtle_chase/cpp_pubsub'
[1.330s] INFO:colcon.colcon_core.plugin_system:Skipping extension 'colcon_core.shell.bat': Not used on non-Windows systems
[1.332s] INFO:colcon.colcon_core.shell:Skip shell extension 'powershell' for command environment: Not usable outside of PowerShell
[1.332s] DEBUG:colcon.colcon_core.shell:Skip shell extension 'dsv' for command environment
[1.417s] DEBUG:colcon.colcon_core.event_handler.log_command:Invoking command in '/media/sf_zuo-sharefiles/ROSproject/turtle_chase/build/cpp_pubsub': CMAKE_PREFIX_PATH=${CMAKE_PREFIX_PATH}:/opt/ros/foxy /usr/bin/cmake --build /media/sf_zuo-sharefiles/ROSproject/turtle_chase/build/cpp_pubsub -- -j1 -l1
[19.868s] DEBUG:colcon.colcon_core.event_handler.log_command:Invoked command in '/media/sf_zuo-sharefiles/ROSproject/turtle_chase/build/cpp_pubsub' returned '0': CMAKE_PREFIX_PATH=${CMAKE_PREFIX_PATH}:/opt/ros/foxy /usr/bin/cmake --build /media/sf_zuo-sharefiles/ROSproject/turtle_chase/build/cpp_pubsub -- -j1 -l1
[19.960s] DEBUG:colcon.colcon_core.event_handler.log_command:Invoking command in '/media/sf_zuo-sharefiles/ROSproject/turtle_chase/build/cpp_pubsub': CMAKE_PREFIX_PATH=${CMAKE_PREFIX_PATH}:/opt/ros/foxy /usr/bin/cmake --install /media/sf_zuo-sharefiles/ROSproject/turtle_chase/build/cpp_pubsub
[20.115s] Level 1:colcon.colcon_core.environment:create_environment_scripts_only(cpp_pubsub)
[20.117s] DEBUG:colcon.colcon_core.event_handler.log_command:Invoked command in '/media/sf_zuo-sharefiles/ROSproject/turtle_chase/build/cpp_pubsub' returned '0': CMAKE_PREFIX_PATH=${CMAKE_PREFIX_PATH}:/opt/ros/foxy /usr/bin/cmake --install /media/sf_zuo-sharefiles/ROSproject/turtle_chase/build/cpp_pubsub
[20.122s] Level 1:colcon.colcon_core.environment:checking '/media/sf_zuo-sharefiles/ROSproject/turtle_chase/install/cpp_pubsub' for CMake module files
[20.127s] Level 1:colcon.colcon_core.environment:checking '/media/sf_zuo-sharefiles/ROSproject/turtle_chase/install/cpp_pubsub' for CMake config files
[20.133s] Level 1:colcon.colcon_core.shell:create_environment_hook('cpp_pubsub', 'cmake_prefix_path')
[20.134s] INFO:colcon.colcon_core.shell:Creating environment hook '/media/sf_zuo-sharefiles/ROSproject/turtle_chase/install/cpp_pubsub/share/cpp_pubsub/hook/cmake_prefix_path.ps1'
[20.136s] INFO:colcon.colcon_core.shell:Creating environment descriptor '/media/sf_zuo-sharefiles/ROSproject/turtle_chase/install/cpp_pubsub/share/cpp_pubsub/hook/cmake_prefix_path.dsv'
[20.139s] INFO:colcon.colcon_core.shell:Creating environment hook '/media/sf_zuo-sharefiles/ROSproject/turtle_chase/install/cpp_pubsub/share/cpp_pubsub/hook/cmake_prefix_path.sh'
[20.142s] Level 1:colcon.colcon_core.environment:checking '/media/sf_zuo-sharefiles/ROSproject/turtle_chase/install/cpp_pubsub/lib'
[20.144s] Level 1:colcon.colcon_core.environment:checking '/media/sf_zuo-sharefiles/ROSproject/turtle_chase/install/cpp_pubsub/bin'
[20.144s] Level 1:colcon.colcon_core.environment:checking '/media/sf_zuo-sharefiles/ROSproject/turtle_chase/install/cpp_pubsub/lib/pkgconfig/cpp_pubsub.pc'
[20.145s] Level 1:colcon.colcon_core.environment:checking '/media/sf_zuo-sharefiles/ROSproject/turtle_chase/install/cpp_pubsub/lib/python3.8/site-packages'
[20.146s] Level 1:colcon.colcon_core.environment:checking '/media/sf_zuo-sharefiles/ROSproject/turtle_chase/install/cpp_pubsub/bin'
[20.147s] INFO:colcon.colcon_core.shell:Creating package script '/media/sf_zuo-sharefiles/ROSproject/turtle_chase/install/cpp_pubsub/share/cpp_pubsub/package.ps1'
[20.150s] INFO:colcon.colcon_core.shell:Creating package descriptor '/media/sf_zuo-sharefiles/ROSproject/turtle_chase/install/cpp_pubsub/share/cpp_pubsub/package.dsv'
[20.153s] INFO:colcon.colcon_core.shell:Creating package script '/media/sf_zuo-sharefiles/ROSproject/turtle_chase/install/cpp_pubsub/share/cpp_pubsub/package.sh'
[20.156s] INFO:colcon.colcon_core.shell:Creating package script '/media/sf_zuo-sharefiles/ROSproject/turtle_chase/install/cpp_pubsub/share/cpp_pubsub/package.bash'
[20.159s] INFO:colcon.colcon_core.shell:Creating package script '/media/sf_zuo-sharefiles/ROSproject/turtle_chase/install/cpp_pubsub/share/cpp_pubsub/package.zsh'
[20.162s] Level 1:colcon.colcon_core.environment:create_file_with_runtime_dependencies(/media/sf_zuo-sharefiles/ROSproject/turtle_chase/install/cpp_pubsub/share/colcon-core/packages/cpp_pubsub)
[20.225s] Level 1:colcon.colcon_core.environment:create_environment_scripts_only(cpp_pubsub)
[20.227s] Level 1:colcon.colcon_core.environment:checking '/media/sf_zuo-sharefiles/ROSproject/turtle_chase/install/cpp_pubsub' for CMake module files
[20.236s] Level 1:colcon.colcon_core.environment:checking '/media/sf_zuo-sharefiles/ROSproject/turtle_chase/install/cpp_pubsub' for CMake config files
[20.241s] Level 1:colcon.colcon_core.shell:create_environment_hook('cpp_pubsub', 'cmake_prefix_path')
[20.242s] INFO:colcon.colcon_core.shell:Creating environment hook '/media/sf_zuo-sharefiles/ROSproject/turtle_chase/install/cpp_pubsub/share/cpp_pubsub/hook/cmake_prefix_path.ps1'
[20.245s] INFO:colcon.colcon_core.shell:Creating environment descriptor '/media/sf_zuo-sharefiles/ROSproject/turtle_chase/install/cpp_pubsub/share/cpp_pubsub/hook/cmake_prefix_path.dsv'
[20.247s] INFO:colcon.colcon_core.shell:Creating environment hook '/media/sf_zuo-sharefiles/ROSproject/turtle_chase/install/cpp_pubsub/share/cpp_pubsub/hook/cmake_prefix_path.sh'
[20.251s] Level 1:colcon.colcon_core.environment:checking '/media/sf_zuo-sharefiles/ROSproject/turtle_chase/install/cpp_pubsub/lib'
[20.252s] Level 1:colcon.colcon_core.environment:checking '/media/sf_zuo-sharefiles/ROSproject/turtle_chase/install/cpp_pubsub/bin'
[20.253s] Level 1:colcon.colcon_core.environment:checking '/media/sf_zuo-sharefiles/ROSproject/turtle_chase/install/cpp_pubsub/lib/pkgconfig/cpp_pubsub.pc'
[20.253s] Level 1:colcon.colcon_core.environment:checking '/media/sf_zuo-sharefiles/ROSproject/turtle_chase/install/cpp_pubsub/lib/python3.8/site-packages'
[20.254s] Level 1:colcon.colcon_core.environment:checking '/media/sf_zuo-sharefiles/ROSproject/turtle_chase/install/cpp_pubsub/bin'
[20.255s] INFO:colcon.colcon_core.shell:Creating package script '/media/sf_zuo-sharefiles/ROSproject/turtle_chase/install/cpp_pubsub/share/cpp_pubsub/package.ps1'
[20.257s] INFO:colcon.colcon_core.shell:Creating package descriptor '/media/sf_zuo-sharefiles/ROSproject/turtle_chase/install/cpp_pubsub/share/cpp_pubsub/package.dsv'
[20.260s] INFO:colcon.colcon_core.shell:Creating package script '/media/sf_zuo-sharefiles/ROSproject/turtle_chase/install/cpp_pubsub/share/cpp_pubsub/package.sh'
[20.262s] INFO:colcon.colcon_core.shell:Creating package script '/media/sf_zuo-sharefiles/ROSproject/turtle_chase/install/cpp_pubsub/share/cpp_pubsub/package.bash'
[20.264s] INFO:colcon.colcon_core.shell:Creating package script '/media/sf_zuo-sharefiles/ROSproject/turtle_chase/install/cpp_pubsub/share/cpp_pubsub/package.zsh'
[20.267s] Level 1:colcon.colcon_core.environment:create_file_with_runtime_dependencies(/media/sf_zuo-sharefiles/ROSproject/turtle_chase/install/cpp_pubsub/share/colcon-core/packages/cpp_pubsub)
[20.269s] DEBUG:colcon.colcon_parallel_executor.executor.parallel:closing loop
[20.272s] DEBUG:colcon.colcon_parallel_executor.executor.parallel:loop closed
[20.273s] DEBUG:colcon.colcon_parallel_executor.executor.parallel:run_until_complete finished with '0'
[20.273s] DEBUG:colcon.colcon_core.event_reactor:joining thread
[20.305s] INFO:colcon.colcon_core.plugin_system:Skipping extension 'colcon_notification.desktop_notification.terminal_notifier': Not used on non-Darwin systems
[20.305s] INFO:colcon.colcon_core.plugin_system:Skipping extension 'colcon_notification.desktop_notification.win32': Not used on non-Windows systems
[20.305s] INFO:colcon.colcon_notification.desktop_notification:Sending desktop notification using 'notify2'
[20.365s] DEBUG:colcon.colcon_core.event_reactor:joined thread
[20.367s] INFO:colcon.colcon_core.shell:Creating prefix script '/media/sf_zuo-sharefiles/ROSproject/turtle_chase/install/local_setup.ps1'
[20.376s] INFO:colcon.colcon_core.shell:Creating prefix util module '/media/sf_zuo-sharefiles/ROSproject/turtle_chase/install/_local_setup_util_ps1.py'
[20.391s] INFO:colcon.colcon_core.shell:Creating prefix chain script '/media/sf_zuo-sharefiles/ROSproject/turtle_chase/install/setup.ps1'
[20.400s] INFO:colcon.colcon_core.shell:Creating prefix script '/media/sf_zuo-sharefiles/ROSproject/turtle_chase/install/local_setup.sh'
[20.407s] INFO:colcon.colcon_core.shell:Creating prefix util module '/media/sf_zuo-sharefiles/ROSproject/turtle_chase/install/_local_setup_util_sh.py'
[20.410s] INFO:colcon.colcon_core.shell:Creating prefix chain script '/media/sf_zuo-sharefiles/ROSproject/turtle_chase/install/setup.sh'
[20.419s] INFO:colcon.colcon_core.shell:Creating prefix script '/media/sf_zuo-sharefiles/ROSproject/turtle_chase/install/local_setup.bash'
[20.423s] INFO:colcon.colcon_core.shell:Creating prefix chain script '/media/sf_zuo-sharefiles/ROSproject/turtle_chase/install/setup.bash'
[20.431s] INFO:colcon.colcon_core.shell:Creating prefix script '/media/sf_zuo-sharefiles/ROSproject/turtle_chase/install/local_setup.zsh'
[20.439s] INFO:colcon.colcon_core.shell:Creating prefix chain script '/media/sf_zuo-sharefiles/ROSproject/turtle_chase/install/setup.zsh'
