[0.353s] DEBUG:colcon:Command line arguments: ['/usr/bin/colcon', 'build', '--packages-select', 'cpp_pubsub']
[0.354s] DEBUG:colcon:Parsed command line arguments: Namespace(allow_overriding=[], ament_cmake_args=None, base_paths=['.'], build_base='build', catkin_cmake_args=None, catkin_skip_building_tests=False, cmake_args=None, cmake_clean_cache=False, cmake_clean_first=False, cmake_force_configure=False, cmake_target=None, cmake_target_skip_unavailable=False, continue_on_error=False, event_handlers=None, executor='parallel', ignore_user_meta=False, install_base='install', log_base=None, log_level=None, main=<bound method BuildVerb.main of <colcon_core.verb.build.BuildVerb object at 0x7fc18fbaa820>>, merge_install=False, metas=['./colcon.meta'], packages_above=None, packages_above_and_dependencies=None, packages_above_depth=None, packages_end=None, packages_ignore=None, packages_ignore_regex=None, packages_select=['cpp_pubsub'], packages_select_build_failed=False, packages_select_by_dep=None, packages_select_regex=None, packages_select_test_failures=False, packages_skip=None, packages_skip_build_finished=False, packages_skip_by_dep=None, packages_skip_regex=None, packages_skip_test_passed=False, packages_skip_up_to=None, packages_start=None, packages_up_to=None, packages_up_to_regex=None, parallel_workers=1, paths=None, symlink_install=False, test_result_base=None, verb_extension=<colcon_core.verb.build.BuildVerb object at 0x7fc18fbaa820>, verb_name='build', verb_parser=<colcon_defaults.argument_parser.defaults.DefaultArgumentsDecorator object at 0x7fc18fbb7520>)
[0.623s] Level 1:colcon.colcon_core.package_discovery:discover_packages(colcon_meta) check parameters
[0.623s] Level 1:colcon.colcon_core.package_discovery:discover_packages(recursive) check parameters
[0.624s] Level 1:colcon.colcon_core.package_discovery:discover_packages(ignore) check parameters
[0.624s] Level 1:colcon.colcon_core.package_discovery:discover_packages(path) check parameters
[0.624s] Level 1:colcon.colcon_core.package_discovery:discover_packages(colcon_meta) discover
[0.624s] Level 1:colcon.colcon_core.package_discovery:discover_packages(recursive) discover
[0.624s] INFO:colcon.colcon_core.package_discovery:Crawling recursively for packages in '/media/sf_zuo-sharefiles/ROSproject/turtle_rec'
[0.625s] Level 1:colcon.colcon_core.package_identification:_identify(.) by extensions ['ignore', 'ignore_ament_install']
[0.625s] Level 1:colcon.colcon_core.package_identification:_identify(.) by extension 'ignore'
[0.625s] Level 1:colcon.colcon_core.package_identification:_identify(.) by extension 'ignore_ament_install'
[0.626s] Level 1:colcon.colcon_core.package_identification:_identify(.) by extensions ['colcon_pkg']
[0.626s] Level 1:colcon.colcon_core.package_identification:_identify(.) by extension 'colcon_pkg'
[0.626s] Level 1:colcon.colcon_core.package_identification:_identify(.) by extensions ['colcon_meta']
[0.626s] Level 1:colcon.colcon_core.package_identification:_identify(.) by extension 'colcon_meta'
[0.626s] Level 1:colcon.colcon_core.package_identification:_identify(.) by extensions ['ros']
[0.626s] Level 1:colcon.colcon_core.package_identification:_identify(.) by extension 'ros'
[0.655s] Level 1:colcon.colcon_core.package_identification:_identify(.) by extensions ['cmake', 'python']
[0.655s] Level 1:colcon.colcon_core.package_identification:_identify(.) by extension 'cmake'
[0.655s] Level 1:colcon.colcon_core.package_identification:_identify(.) by extension 'python'
[0.655s] Level 1:colcon.colcon_core.package_identification:_identify(.) by extensions ['python_setup_py']
[0.655s] Level 1:colcon.colcon_core.package_identification:_identify(.) by extension 'python_setup_py'
[0.656s] Level 1:colcon.colcon_core.package_identification:_identify(build) by extensions ['ignore', 'ignore_ament_install']
[0.657s] Level 1:colcon.colcon_core.package_identification:_identify(build) by extension 'ignore'
[0.657s] Level 1:colcon.colcon_core.package_identification:_identify(build) ignored
[0.658s] Level 1:colcon.colcon_core.package_identification:_identify(cpp_pubsub) by extensions ['ignore', 'ignore_ament_install']
[0.658s] Level 1:colcon.colcon_core.package_identification:_identify(cpp_pubsub) by extension 'ignore'
[0.658s] Level 1:colcon.colcon_core.package_identification:_identify(cpp_pubsub) by extension 'ignore_ament_install'
[0.658s] Level 1:colcon.colcon_core.package_identification:_identify(cpp_pubsub) by extensions ['colcon_pkg']
[0.659s] Level 1:colcon.colcon_core.package_identification:_identify(cpp_pubsub) by extension 'colcon_pkg'
[0.659s] Level 1:colcon.colcon_core.package_identification:_identify(cpp_pubsub) by extensions ['colcon_meta']
[0.659s] Level 1:colcon.colcon_core.package_identification:_identify(cpp_pubsub) by extension 'colcon_meta'
[0.659s] Level 1:colcon.colcon_core.package_identification:_identify(cpp_pubsub) by extensions ['ros']
[0.659s] Level 1:colcon.colcon_core.package_identification:_identify(cpp_pubsub) by extension 'ros'
[0.664s] DEBUG:colcon.colcon_core.package_identification:Package 'cpp_pubsub' with type 'ros.ament_cmake' and name 'cpp_pubsub'
[0.665s] Level 1:colcon.colcon_core.package_identification:_identify(install) by extensions ['ignore', 'ignore_ament_install']
[0.665s] Level 1:colcon.colcon_core.package_identification:_identify(install) by extension 'ignore'
[0.665s] Level 1:colcon.colcon_core.package_identification:_identify(install) ignored
[0.666s] Level 1:colcon.colcon_core.package_identification:_identify(log) by extensions ['ignore', 'ignore_ament_install']
[0.666s] Level 1:colcon.colcon_core.package_identification:_identify(log) by extension 'ignore'
[0.667s] Level 1:colcon.colcon_core.package_identification:_identify(log) ignored
[0.667s] Level 1:colcon.colcon_core.package_discovery:discover_packages(recursive) using defaults
[0.667s] Level 1:colcon.colcon_core.package_discovery:discover_packages(ignore) discover
[0.667s] Level 1:colcon.colcon_core.package_discovery:discover_packages(ignore) using defaults
[0.667s] Level 1:colcon.colcon_core.package_discovery:discover_packages(path) discover
[0.667s] Level 1:colcon.colcon_core.package_discovery:discover_packages(path) using defaults
[0.696s] Level 1:colcon.colcon_core.package_discovery:discover_packages(prefix_path) check parameters
[0.697s] Level 1:colcon.colcon_core.package_discovery:discover_packages(prefix_path) discover
[0.702s] DEBUG:colcon.colcon_installed_package_information.package_discovery:Found 1 installed packages in /media/sf_zuo-sharefiles/ROSproject/turtle_rec/install
[0.704s] DEBUG:colcon.colcon_installed_package_information.package_discovery:Found 256 installed packages in /opt/ros/foxy
[0.708s] Level 1:colcon.colcon_core.package_discovery:discover_packages(prefix_path) using defaults
[0.839s] Level 5:colcon.colcon_core.verb:set package 'cpp_pubsub' build argument 'cmake_args' from command line to 'None'
[0.840s] Level 5:colcon.colcon_core.verb:set package 'cpp_pubsub' build argument 'cmake_target' from command line to 'None'
[0.840s] Level 5:colcon.colcon_core.verb:set package 'cpp_pubsub' build argument 'cmake_target_skip_unavailable' from command line to 'False'
[0.840s] Level 5:colcon.colcon_core.verb:set package 'cpp_pubsub' build argument 'cmake_clean_cache' from command line to 'False'
[0.840s] Level 5:colcon.colcon_core.verb:set package 'cpp_pubsub' build argument 'cmake_clean_first' from command line to 'False'
[0.840s] Level 5:colcon.colcon_core.verb:set package 'cpp_pubsub' build argument 'cmake_force_configure' from command line to 'False'
[0.840s] Level 5:colcon.colcon_core.verb:set package 'cpp_pubsub' build argument 'ament_cmake_args' from command line to 'None'
[0.841s] Level 5:colcon.colcon_core.verb:set package 'cpp_pubsub' build argument 'catkin_cmake_args' from command line to 'None'
[0.841s] Level 5:colcon.colcon_core.verb:set package 'cpp_pubsub' build argument 'catkin_skip_building_tests' from command line to 'False'
[0.841s] DEBUG:colcon.colcon_core.verb:Building package 'cpp_pubsub' with the following arguments: {'ament_cmake_args': None, 'build_base': '/media/sf_zuo-sharefiles/ROSproject/turtle_rec/build/cpp_pubsub', 'catkin_cmake_args': None, 'catkin_skip_building_tests': False, 'cmake_args': None, 'cmake_clean_cache': False, 'cmake_clean_first': False, 'cmake_force_configure': False, 'cmake_target': None, 'cmake_target_skip_unavailable': False, 'install_base': '/media/sf_zuo-sharefiles/ROSproject/turtle_rec/install/cpp_pubsub', 'merge_install': False, 'path': '/media/sf_zuo-sharefiles/ROSproject/turtle_rec/cpp_pubsub', 'symlink_install': False, 'test_result_base': None}
[0.841s] INFO:colcon.colcon_core.executor:Executing jobs using 'parallel' executor
[0.842s] DEBUG:colcon.colcon_parallel_executor.executor.parallel:run_until_complete
[0.843s] INFO:colcon.colcon_ros.task.ament_cmake.build:Building ROS package in '/media/sf_zuo-sharefiles/ROSproject/turtle_rec/cpp_pubsub' with build type 'ament_cmake'
[0.843s] INFO:colcon.colcon_cmake.task.cmake.build:Building CMake package in '/media/sf_zuo-sharefiles/ROSproject/turtle_rec/cpp_pubsub'
[0.846s] INFO:colcon.colcon_core.plugin_system:Skipping extension 'colcon_core.shell.bat': Not used on non-Windows systems
[0.846s] INFO:colcon.colcon_core.shell:Skip shell extension 'powershell' for command environment: Not usable outside of PowerShell
[0.847s] DEBUG:colcon.colcon_core.shell:Skip shell extension 'dsv' for command environment
[0.903s] DEBUG:colcon.colcon_core.event_handler.log_command:Invoking command in '/media/sf_zuo-sharefiles/ROSproject/turtle_rec/build/cpp_pubsub': CMAKE_PREFIX_PATH=${CMAKE_PREFIX_PATH}:/opt/ros/foxy /usr/bin/cmake --build /media/sf_zuo-sharefiles/ROSproject/turtle_rec/build/cpp_pubsub -- -j1 -l1
[6.676s] DEBUG:colcon.colcon_core.event_handler.log_command:Invoked command in '/media/sf_zuo-sharefiles/ROSproject/turtle_rec/build/cpp_pubsub' returned '0': CMAKE_PREFIX_PATH=${CMAKE_PREFIX_PATH}:/opt/ros/foxy /usr/bin/cmake --build /media/sf_zuo-sharefiles/ROSproject/turtle_rec/build/cpp_pubsub -- -j1 -l1
[6.733s] DEBUG:colcon.colcon_core.event_handler.log_command:Invoking command in '/media/sf_zuo-sharefiles/ROSproject/turtle_rec/build/cpp_pubsub': CMAKE_PREFIX_PATH=${CMAKE_PREFIX_PATH}:/opt/ros/foxy /usr/bin/cmake --install /media/sf_zuo-sharefiles/ROSproject/turtle_rec/build/cpp_pubsub
[6.811s] Level 1:colcon.colcon_core.environment:create_environment_scripts_only(cpp_pubsub)
[6.815s] Level 1:colcon.colcon_core.environment:checking '/media/sf_zuo-sharefiles/ROSproject/turtle_rec/install/cpp_pubsub' for CMake module files
[6.816s] DEBUG:colcon.colcon_core.event_handler.log_command:Invoked command in '/media/sf_zuo-sharefiles/ROSproject/turtle_rec/build/cpp_pubsub' returned '0': CMAKE_PREFIX_PATH=${CMAKE_PREFIX_PATH}:/opt/ros/foxy /usr/bin/cmake --install /media/sf_zuo-sharefiles/ROSproject/turtle_rec/build/cpp_pubsub
[6.820s] Level 1:colcon.colcon_core.environment:checking '/media/sf_zuo-sharefiles/ROSproject/turtle_rec/install/cpp_pubsub' for CMake config files
[6.824s] Level 1:colcon.colcon_core.shell:create_environment_hook('cpp_pubsub', 'cmake_prefix_path')
[6.825s] INFO:colcon.colcon_core.shell:Creating environment hook '/media/sf_zuo-sharefiles/ROSproject/turtle_rec/install/cpp_pubsub/share/cpp_pubsub/hook/cmake_prefix_path.ps1'
[6.826s] INFO:colcon.colcon_core.shell:Creating environment descriptor '/media/sf_zuo-sharefiles/ROSproject/turtle_rec/install/cpp_pubsub/share/cpp_pubsub/hook/cmake_prefix_path.dsv'
[6.828s] INFO:colcon.colcon_core.shell:Creating environment hook '/media/sf_zuo-sharefiles/ROSproject/turtle_rec/install/cpp_pubsub/share/cpp_pubsub/hook/cmake_prefix_path.sh'
[6.830s] Level 1:colcon.colcon_core.environment:checking '/media/sf_zuo-sharefiles/ROSproject/turtle_rec/install/cpp_pubsub/lib'
[6.831s] Level 1:colcon.colcon_core.environment:checking '/media/sf_zuo-sharefiles/ROSproject/turtle_rec/install/cpp_pubsub/bin'
[6.832s] Level 1:colcon.colcon_core.environment:checking '/media/sf_zuo-sharefiles/ROSproject/turtle_rec/install/cpp_pubsub/lib/pkgconfig/cpp_pubsub.pc'
[6.832s] Level 1:colcon.colcon_core.environment:checking '/media/sf_zuo-sharefiles/ROSproject/turtle_rec/install/cpp_pubsub/lib/python3.8/site-packages'
[6.833s] Level 1:colcon.colcon_core.environment:checking '/media/sf_zuo-sharefiles/ROSproject/turtle_rec/install/cpp_pubsub/bin'
[6.833s] INFO:colcon.colcon_core.shell:Creating package script '/media/sf_zuo-sharefiles/ROSproject/turtle_rec/install/cpp_pubsub/share/cpp_pubsub/package.ps1'
[6.835s] INFO:colcon.colcon_core.shell:Creating package descriptor '/media/sf_zuo-sharefiles/ROSproject/turtle_rec/install/cpp_pubsub/share/cpp_pubsub/package.dsv'
[6.837s] INFO:colcon.colcon_core.shell:Creating package script '/media/sf_zuo-sharefiles/ROSproject/turtle_rec/install/cpp_pubsub/share/cpp_pubsub/package.sh'
[6.839s] INFO:colcon.colcon_core.shell:Creating package script '/media/sf_zuo-sharefiles/ROSproject/turtle_rec/install/cpp_pubsub/share/cpp_pubsub/package.bash'
[6.842s] INFO:colcon.colcon_core.shell:Creating package script '/media/sf_zuo-sharefiles/ROSproject/turtle_rec/install/cpp_pubsub/share/cpp_pubsub/package.zsh'
[6.843s] Level 1:colcon.colcon_core.environment:create_file_with_runtime_dependencies(/media/sf_zuo-sharefiles/ROSproject/turtle_rec/install/cpp_pubsub/share/colcon-core/packages/cpp_pubsub)
[6.881s] Level 1:colcon.colcon_core.environment:create_environment_scripts_only(cpp_pubsub)
[6.882s] Level 1:colcon.colcon_core.environment:checking '/media/sf_zuo-sharefiles/ROSproject/turtle_rec/install/cpp_pubsub' for CMake module files
[6.886s] Level 1:colcon.colcon_core.environment:checking '/media/sf_zuo-sharefiles/ROSproject/turtle_rec/install/cpp_pubsub' for CMake config files
[6.891s] Level 1:colcon.colcon_core.shell:create_environment_hook('cpp_pubsub', 'cmake_prefix_path')
[6.892s] INFO:colcon.colcon_core.shell:Creating environment hook '/media/sf_zuo-sharefiles/ROSproject/turtle_rec/install/cpp_pubsub/share/cpp_pubsub/hook/cmake_prefix_path.ps1'
[6.893s] INFO:colcon.colcon_core.shell:Creating environment descriptor '/media/sf_zuo-sharefiles/ROSproject/turtle_rec/install/cpp_pubsub/share/cpp_pubsub/hook/cmake_prefix_path.dsv'
[6.894s] INFO:colcon.colcon_core.shell:Creating environment hook '/media/sf_zuo-sharefiles/ROSproject/turtle_rec/install/cpp_pubsub/share/cpp_pubsub/hook/cmake_prefix_path.sh'
[6.896s] Level 1:colcon.colcon_core.environment:checking '/media/sf_zuo-sharefiles/ROSproject/turtle_rec/install/cpp_pubsub/lib'
[6.897s] Level 1:colcon.colcon_core.environment:checking '/media/sf_zuo-sharefiles/ROSproject/turtle_rec/install/cpp_pubsub/bin'
[6.898s] Level 1:colcon.colcon_core.environment:checking '/media/sf_zuo-sharefiles/ROSproject/turtle_rec/install/cpp_pubsub/lib/pkgconfig/cpp_pubsub.pc'
[6.898s] Level 1:colcon.colcon_core.environment:checking '/media/sf_zuo-sharefiles/ROSproject/turtle_rec/install/cpp_pubsub/lib/python3.8/site-packages'
[6.899s] Level 1:colcon.colcon_core.environment:checking '/media/sf_zuo-sharefiles/ROSproject/turtle_rec/install/cpp_pubsub/bin'
[6.900s] INFO:colcon.colcon_core.shell:Creating package script '/media/sf_zuo-sharefiles/ROSproject/turtle_rec/install/cpp_pubsub/share/cpp_pubsub/package.ps1'
[6.902s] INFO:colcon.colcon_core.shell:Creating package descriptor '/media/sf_zuo-sharefiles/ROSproject/turtle_rec/install/cpp_pubsub/share/cpp_pubsub/package.dsv'
[6.903s] INFO:colcon.colcon_core.shell:Creating package script '/media/sf_zuo-sharefiles/ROSproject/turtle_rec/install/cpp_pubsub/share/cpp_pubsub/package.sh'
[6.905s] INFO:colcon.colcon_core.shell:Creating package script '/media/sf_zuo-sharefiles/ROSproject/turtle_rec/install/cpp_pubsub/share/cpp_pubsub/package.bash'
[6.908s] INFO:colcon.colcon_core.shell:Creating package script '/media/sf_zuo-sharefiles/ROSproject/turtle_rec/install/cpp_pubsub/share/cpp_pubsub/package.zsh'
[6.909s] Level 1:colcon.colcon_core.environment:create_file_with_runtime_dependencies(/media/sf_zuo-sharefiles/ROSproject/turtle_rec/install/cpp_pubsub/share/colcon-core/packages/cpp_pubsub)
[6.911s] DEBUG:colcon.colcon_parallel_executor.executor.parallel:closing loop
[6.913s] DEBUG:colcon.colcon_parallel_executor.executor.parallel:loop closed
[6.914s] DEBUG:colcon.colcon_parallel_executor.executor.parallel:run_until_complete finished with '0'
[6.914s] DEBUG:colcon.colcon_core.event_reactor:joining thread
[6.934s] INFO:colcon.colcon_core.plugin_system:Skipping extension 'colcon_notification.desktop_notification.terminal_notifier': Not used on non-Darwin systems
[6.935s] INFO:colcon.colcon_core.plugin_system:Skipping extension 'colcon_notification.desktop_notification.win32': Not used on non-Windows systems
[6.935s] INFO:colcon.colcon_notification.desktop_notification:Sending desktop notification using 'notify2'
[6.977s] DEBUG:colcon.colcon_core.event_reactor:joined thread
[6.978s] INFO:colcon.colcon_core.shell:Creating prefix script '/media/sf_zuo-sharefiles/ROSproject/turtle_rec/install/local_setup.ps1'
[6.984s] INFO:colcon.colcon_core.shell:Creating prefix util module '/media/sf_zuo-sharefiles/ROSproject/turtle_rec/install/_local_setup_util_ps1.py'
[6.993s] INFO:colcon.colcon_core.shell:Creating prefix chain script '/media/sf_zuo-sharefiles/ROSproject/turtle_rec/install/setup.ps1'
[6.997s] INFO:colcon.colcon_core.shell:Creating prefix script '/media/sf_zuo-sharefiles/ROSproject/turtle_rec/install/local_setup.sh'
[7.001s] INFO:colcon.colcon_core.shell:Creating prefix util module '/media/sf_zuo-sharefiles/ROSproject/turtle_rec/install/_local_setup_util_sh.py'
[7.005s] INFO:colcon.colcon_core.shell:Creating prefix chain script '/media/sf_zuo-sharefiles/ROSproject/turtle_rec/install/setup.sh'
[7.013s] INFO:colcon.colcon_core.shell:Creating prefix script '/media/sf_zuo-sharefiles/ROSproject/turtle_rec/install/local_setup.bash'
[7.015s] INFO:colcon.colcon_core.shell:Creating prefix chain script '/media/sf_zuo-sharefiles/ROSproject/turtle_rec/install/setup.bash'
[7.020s] INFO:colcon.colcon_core.shell:Creating prefix script '/media/sf_zuo-sharefiles/ROSproject/turtle_rec/install/local_setup.zsh'
[7.022s] INFO:colcon.colcon_core.shell:Creating prefix chain script '/media/sf_zuo-sharefiles/ROSproject/turtle_rec/install/setup.zsh'
