[0.474s] DEBUG:colcon:Command line arguments: ['/usr/bin/colcon', 'build', '--packages-select', 'cpp_pubsub']
[0.474s] DEBUG:colcon:Parsed command line arguments: Namespace(allow_overriding=[], ament_cmake_args=None, base_paths=['.'], build_base='build', catkin_cmake_args=None, catkin_skip_building_tests=False, cmake_args=None, cmake_clean_cache=False, cmake_clean_first=False, cmake_force_configure=False, cmake_target=None, cmake_target_skip_unavailable=False, continue_on_error=False, event_handlers=None, executor='parallel', ignore_user_meta=False, install_base='install', log_base=None, log_level=None, main=<bound method BuildVerb.main of <colcon_core.verb.build.BuildVerb object at 0x7f0d8a2bc040>>, merge_install=False, metas=['./colcon.meta'], packages_above=None, packages_above_and_dependencies=None, packages_above_depth=None, packages_end=None, packages_ignore=None, packages_ignore_regex=None, packages_select=['cpp_pubsub'], packages_select_build_failed=False, packages_select_by_dep=None, packages_select_regex=None, packages_select_test_failures=False, packages_skip=None, packages_skip_build_finished=False, packages_skip_by_dep=None, packages_skip_regex=None, packages_skip_test_passed=False, packages_skip_up_to=None, packages_start=None, packages_up_to=None, packages_up_to_regex=None, parallel_workers=1, paths=None, symlink_install=False, test_result_base=None, verb_extension=<colcon_core.verb.build.BuildVerb object at 0x7f0d8a2bc040>, verb_name='build', verb_parser=<colcon_defaults.argument_parser.defaults.DefaultArgumentsDecorator object at 0x7f0d8a2bc550>)
[0.838s] Level 1:colcon.colcon_core.package_discovery:discover_packages(colcon_meta) check parameters
[0.838s] Level 1:colcon.colcon_core.package_discovery:discover_packages(recursive) check parameters
[0.838s] Level 1:colcon.colcon_core.package_discovery:discover_packages(ignore) check parameters
[0.838s] Level 1:colcon.colcon_core.package_discovery:discover_packages(path) check parameters
[0.838s] Level 1:colcon.colcon_core.package_discovery:discover_packages(colcon_meta) discover
[0.839s] Level 1:colcon.colcon_core.package_discovery:discover_packages(recursive) discover
[0.839s] INFO:colcon.colcon_core.package_discovery:Crawling recursively for packages in '/media/sf_zuo-sharefiles/ROSproject/turtle_rec'
[0.839s] Level 1:colcon.colcon_core.package_identification:_identify(.) by extensions ['ignore', 'ignore_ament_install']
[0.839s] Level 1:colcon.colcon_core.package_identification:_identify(.) by extension 'ignore'
[0.840s] Level 1:colcon.colcon_core.package_identification:_identify(.) by extension 'ignore_ament_install'
[0.840s] Level 1:colcon.colcon_core.package_identification:_identify(.) by extensions ['colcon_pkg']
[0.840s] Level 1:colcon.colcon_core.package_identification:_identify(.) by extension 'colcon_pkg'
[0.840s] Level 1:colcon.colcon_core.package_identification:_identify(.) by extensions ['colcon_meta']
[0.840s] Level 1:colcon.colcon_core.package_identification:_identify(.) by extension 'colcon_meta'
[0.841s] Level 1:colcon.colcon_core.package_identification:_identify(.) by extensions ['ros']
[0.841s] Level 1:colcon.colcon_core.package_identification:_identify(.) by extension 'ros'
[0.864s] Level 1:colcon.colcon_core.package_identification:_identify(.) by extensions ['cmake', 'python']
[0.864s] Level 1:colcon.colcon_core.package_identification:_identify(.) by extension 'cmake'
[0.864s] Level 1:colcon.colcon_core.package_identification:_identify(.) by extension 'python'
[0.864s] Level 1:colcon.colcon_core.package_identification:_identify(.) by extensions ['python_setup_py']
[0.864s] Level 1:colcon.colcon_core.package_identification:_identify(.) by extension 'python_setup_py'
[0.865s] Level 1:colcon.colcon_core.package_identification:_identify(build) by extensions ['ignore', 'ignore_ament_install']
[0.865s] Level 1:colcon.colcon_core.package_identification:_identify(build) by extension 'ignore'
[0.865s] Level 1:colcon.colcon_core.package_identification:_identify(build) ignored
[0.866s] Level 1:colcon.colcon_core.package_identification:_identify(cpp_pubsub) by extensions ['ignore', 'ignore_ament_install']
[0.866s] Level 1:colcon.colcon_core.package_identification:_identify(cpp_pubsub) by extension 'ignore'
[0.866s] Level 1:colcon.colcon_core.package_identification:_identify(cpp_pubsub) by extension 'ignore_ament_install'
[0.867s] Level 1:colcon.colcon_core.package_identification:_identify(cpp_pubsub) by extensions ['colcon_pkg']
[0.867s] Level 1:colcon.colcon_core.package_identification:_identify(cpp_pubsub) by extension 'colcon_pkg'
[0.867s] Level 1:colcon.colcon_core.package_identification:_identify(cpp_pubsub) by extensions ['colcon_meta']
[0.867s] Level 1:colcon.colcon_core.package_identification:_identify(cpp_pubsub) by extension 'colcon_meta'
[0.867s] Level 1:colcon.colcon_core.package_identification:_identify(cpp_pubsub) by extensions ['ros']
[0.867s] Level 1:colcon.colcon_core.package_identification:_identify(cpp_pubsub) by extension 'ros'
[0.877s] DEBUG:colcon.colcon_core.package_identification:Package 'cpp_pubsub' with type 'ros.ament_cmake' and name 'cpp_pubsub'
[0.878s] Level 1:colcon.colcon_core.package_identification:_identify(install) by extensions ['ignore', 'ignore_ament_install']
[0.878s] Level 1:colcon.colcon_core.package_identification:_identify(install) by extension 'ignore'
[0.878s] Level 1:colcon.colcon_core.package_identification:_identify(install) ignored
[0.879s] Level 1:colcon.colcon_core.package_identification:_identify(log) by extensions ['ignore', 'ignore_ament_install']
[0.879s] Level 1:colcon.colcon_core.package_identification:_identify(log) by extension 'ignore'
[0.880s] Level 1:colcon.colcon_core.package_identification:_identify(log) ignored
[0.880s] Level 1:colcon.colcon_core.package_discovery:discover_packages(recursive) using defaults
[0.880s] Level 1:colcon.colcon_core.package_discovery:discover_packages(ignore) discover
[0.880s] Level 1:colcon.colcon_core.package_discovery:discover_packages(ignore) using defaults
[0.880s] Level 1:colcon.colcon_core.package_discovery:discover_packages(path) discover
[0.880s] Level 1:colcon.colcon_core.package_discovery:discover_packages(path) using defaults
[0.919s] Level 1:colcon.colcon_core.package_discovery:discover_packages(prefix_path) check parameters
[0.919s] Level 1:colcon.colcon_core.package_discovery:discover_packages(prefix_path) discover
[0.925s] DEBUG:colcon.colcon_installed_package_information.package_discovery:Found 256 installed packages in /opt/ros/foxy
[0.932s] Level 1:colcon.colcon_core.package_discovery:discover_packages(prefix_path) using defaults
[1.078s] Level 5:colcon.colcon_core.verb:set package 'cpp_pubsub' build argument 'cmake_args' from command line to 'None'
[1.078s] Level 5:colcon.colcon_core.verb:set package 'cpp_pubsub' build argument 'cmake_target' from command line to 'None'
[1.079s] Level 5:colcon.colcon_core.verb:set package 'cpp_pubsub' build argument 'cmake_target_skip_unavailable' from command line to 'False'
[1.079s] Level 5:colcon.colcon_core.verb:set package 'cpp_pubsub' build argument 'cmake_clean_cache' from command line to 'False'
[1.079s] Level 5:colcon.colcon_core.verb:set package 'cpp_pubsub' build argument 'cmake_clean_first' from command line to 'False'
[1.079s] Level 5:colcon.colcon_core.verb:set package 'cpp_pubsub' build argument 'cmake_force_configure' from command line to 'False'
[1.079s] Level 5:colcon.colcon_core.verb:set package 'cpp_pubsub' build argument 'ament_cmake_args' from command line to 'None'
[1.079s] Level 5:colcon.colcon_core.verb:set package 'cpp_pubsub' build argument 'catkin_cmake_args' from command line to 'None'
[1.079s] Level 5:colcon.colcon_core.verb:set package 'cpp_pubsub' build argument 'catkin_skip_building_tests' from command line to 'False'
[1.080s] DEBUG:colcon.colcon_core.verb:Building package 'cpp_pubsub' with the following arguments: {'ament_cmake_args': None, 'build_base': '/media/sf_zuo-sharefiles/ROSproject/turtle_rec/build/cpp_pubsub', 'catkin_cmake_args': None, 'catkin_skip_building_tests': False, 'cmake_args': None, 'cmake_clean_cache': False, 'cmake_clean_first': False, 'cmake_force_configure': False, 'cmake_target': None, 'cmake_target_skip_unavailable': False, 'install_base': '/media/sf_zuo-sharefiles/ROSproject/turtle_rec/install/cpp_pubsub', 'merge_install': False, 'path': '/media/sf_zuo-sharefiles/ROSproject/turtle_rec/cpp_pubsub', 'symlink_install': False, 'test_result_base': None}
[1.080s] INFO:colcon.colcon_core.executor:Executing jobs using 'parallel' executor
[1.081s] DEBUG:colcon.colcon_parallel_executor.executor.parallel:run_until_complete
[1.082s] INFO:colcon.colcon_ros.task.ament_cmake.build:Building ROS package in '/media/sf_zuo-sharefiles/ROSproject/turtle_rec/cpp_pubsub' with build type 'ament_cmake'
[1.082s] INFO:colcon.colcon_cmake.task.cmake.build:Building CMake package in '/media/sf_zuo-sharefiles/ROSproject/turtle_rec/cpp_pubsub'
[1.089s] INFO:colcon.colcon_core.plugin_system:Skipping extension 'colcon_core.shell.bat': Not used on non-Windows systems
[1.089s] INFO:colcon.colcon_core.shell:Skip shell extension 'powershell' for command environment: Not usable outside of PowerShell
[1.089s] DEBUG:colcon.colcon_core.shell:Skip shell extension 'dsv' for command environment
[1.120s] DEBUG:colcon.colcon_core.event_handler.log_command:Invoking command in '/media/sf_zuo-sharefiles/ROSproject/turtle_rec/build/cpp_pubsub': CMAKE_PREFIX_PATH=/opt/ros/foxy /usr/bin/cmake /media/sf_zuo-sharefiles/ROSproject/turtle_rec/cpp_pubsub -DCMAKE_INSTALL_PREFIX=/media/sf_zuo-sharefiles/ROSproject/turtle_rec/install/cpp_pubsub
[5.318s] DEBUG:colcon.colcon_core.event_handler.log_command:Invoked command in '/media/sf_zuo-sharefiles/ROSproject/turtle_rec/build/cpp_pubsub' returned '0': CMAKE_PREFIX_PATH=/opt/ros/foxy /usr/bin/cmake /media/sf_zuo-sharefiles/ROSproject/turtle_rec/cpp_pubsub -DCMAKE_INSTALL_PREFIX=/media/sf_zuo-sharefiles/ROSproject/turtle_rec/install/cpp_pubsub
[5.324s] DEBUG:colcon.colcon_core.event_handler.log_command:Invoking command in '/media/sf_zuo-sharefiles/ROSproject/turtle_rec/build/cpp_pubsub': CMAKE_PREFIX_PATH=/opt/ros/foxy /usr/bin/cmake --build /media/sf_zuo-sharefiles/ROSproject/turtle_rec/build/cpp_pubsub -- -j1 -l1
[11.697s] DEBUG:colcon.colcon_core.event_handler.log_command:Invoked command in '/media/sf_zuo-sharefiles/ROSproject/turtle_rec/build/cpp_pubsub' returned '0': CMAKE_PREFIX_PATH=/opt/ros/foxy /usr/bin/cmake --build /media/sf_zuo-sharefiles/ROSproject/turtle_rec/build/cpp_pubsub -- -j1 -l1
[11.748s] DEBUG:colcon.colcon_core.event_handler.log_command:Invoking command in '/media/sf_zuo-sharefiles/ROSproject/turtle_rec/build/cpp_pubsub': CMAKE_PREFIX_PATH=/opt/ros/foxy /usr/bin/cmake --install /media/sf_zuo-sharefiles/ROSproject/turtle_rec/build/cpp_pubsub
[11.870s] Level 1:colcon.colcon_core.environment:create_environment_scripts_only(cpp_pubsub)
[11.872s] DEBUG:colcon.colcon_core.event_handler.log_command:Invoked command in '/media/sf_zuo-sharefiles/ROSproject/turtle_rec/build/cpp_pubsub' returned '0': CMAKE_PREFIX_PATH=/opt/ros/foxy /usr/bin/cmake --install /media/sf_zuo-sharefiles/ROSproject/turtle_rec/build/cpp_pubsub
[11.883s] Level 1:colcon.colcon_core.environment:checking '/media/sf_zuo-sharefiles/ROSproject/turtle_rec/install/cpp_pubsub' for CMake module files
[11.887s] Level 1:colcon.colcon_core.environment:checking '/media/sf_zuo-sharefiles/ROSproject/turtle_rec/install/cpp_pubsub' for CMake config files
[11.894s] Level 1:colcon.colcon_core.shell:create_environment_hook('cpp_pubsub', 'cmake_prefix_path')
[11.895s] INFO:colcon.colcon_core.shell:Creating environment hook '/media/sf_zuo-sharefiles/ROSproject/turtle_rec/install/cpp_pubsub/share/cpp_pubsub/hook/cmake_prefix_path.ps1'
[11.898s] INFO:colcon.colcon_core.shell:Creating environment descriptor '/media/sf_zuo-sharefiles/ROSproject/turtle_rec/install/cpp_pubsub/share/cpp_pubsub/hook/cmake_prefix_path.dsv'
[11.900s] INFO:colcon.colcon_core.shell:Creating environment hook '/media/sf_zuo-sharefiles/ROSproject/turtle_rec/install/cpp_pubsub/share/cpp_pubsub/hook/cmake_prefix_path.sh'
[11.904s] Level 1:colcon.colcon_core.environment:checking '/media/sf_zuo-sharefiles/ROSproject/turtle_rec/install/cpp_pubsub/lib'
[11.905s] Level 1:colcon.colcon_core.environment:checking '/media/sf_zuo-sharefiles/ROSproject/turtle_rec/install/cpp_pubsub/bin'
[11.905s] Level 1:colcon.colcon_core.environment:checking '/media/sf_zuo-sharefiles/ROSproject/turtle_rec/install/cpp_pubsub/lib/pkgconfig/cpp_pubsub.pc'
[11.906s] Level 1:colcon.colcon_core.environment:checking '/media/sf_zuo-sharefiles/ROSproject/turtle_rec/install/cpp_pubsub/lib/python3.8/site-packages'
[11.906s] Level 1:colcon.colcon_core.environment:checking '/media/sf_zuo-sharefiles/ROSproject/turtle_rec/install/cpp_pubsub/bin'
[11.907s] INFO:colcon.colcon_core.shell:Creating package script '/media/sf_zuo-sharefiles/ROSproject/turtle_rec/install/cpp_pubsub/share/cpp_pubsub/package.ps1'
[11.910s] INFO:colcon.colcon_core.shell:Creating package descriptor '/media/sf_zuo-sharefiles/ROSproject/turtle_rec/install/cpp_pubsub/share/cpp_pubsub/package.dsv'
[11.913s] INFO:colcon.colcon_core.shell:Creating package script '/media/sf_zuo-sharefiles/ROSproject/turtle_rec/install/cpp_pubsub/share/cpp_pubsub/package.sh'
[11.916s] INFO:colcon.colcon_core.shell:Creating package script '/media/sf_zuo-sharefiles/ROSproject/turtle_rec/install/cpp_pubsub/share/cpp_pubsub/package.bash'
[11.919s] INFO:colcon.colcon_core.shell:Creating package script '/media/sf_zuo-sharefiles/ROSproject/turtle_rec/install/cpp_pubsub/share/cpp_pubsub/package.zsh'
[11.923s] Level 1:colcon.colcon_core.environment:create_file_with_runtime_dependencies(/media/sf_zuo-sharefiles/ROSproject/turtle_rec/install/cpp_pubsub/share/colcon-core/packages/cpp_pubsub)
[11.966s] Level 1:colcon.colcon_core.environment:create_environment_scripts_only(cpp_pubsub)
[11.967s] Level 1:colcon.colcon_core.environment:checking '/media/sf_zuo-sharefiles/ROSproject/turtle_rec/install/cpp_pubsub' for CMake module files
[11.971s] Level 1:colcon.colcon_core.environment:checking '/media/sf_zuo-sharefiles/ROSproject/turtle_rec/install/cpp_pubsub' for CMake config files
[11.976s] Level 1:colcon.colcon_core.shell:create_environment_hook('cpp_pubsub', 'cmake_prefix_path')
[11.976s] INFO:colcon.colcon_core.shell:Creating environment hook '/media/sf_zuo-sharefiles/ROSproject/turtle_rec/install/cpp_pubsub/share/cpp_pubsub/hook/cmake_prefix_path.ps1'
[11.978s] INFO:colcon.colcon_core.shell:Creating environment descriptor '/media/sf_zuo-sharefiles/ROSproject/turtle_rec/install/cpp_pubsub/share/cpp_pubsub/hook/cmake_prefix_path.dsv'
[11.979s] INFO:colcon.colcon_core.shell:Creating environment hook '/media/sf_zuo-sharefiles/ROSproject/turtle_rec/install/cpp_pubsub/share/cpp_pubsub/hook/cmake_prefix_path.sh'
[11.981s] Level 1:colcon.colcon_core.environment:checking '/media/sf_zuo-sharefiles/ROSproject/turtle_rec/install/cpp_pubsub/lib'
[11.982s] Level 1:colcon.colcon_core.environment:checking '/media/sf_zuo-sharefiles/ROSproject/turtle_rec/install/cpp_pubsub/bin'
[11.982s] Level 1:colcon.colcon_core.environment:checking '/media/sf_zuo-sharefiles/ROSproject/turtle_rec/install/cpp_pubsub/lib/pkgconfig/cpp_pubsub.pc'
[11.983s] Level 1:colcon.colcon_core.environment:checking '/media/sf_zuo-sharefiles/ROSproject/turtle_rec/install/cpp_pubsub/lib/python3.8/site-packages'
[11.983s] Level 1:colcon.colcon_core.environment:checking '/media/sf_zuo-sharefiles/ROSproject/turtle_rec/install/cpp_pubsub/bin'
[11.984s] INFO:colcon.colcon_core.shell:Creating package script '/media/sf_zuo-sharefiles/ROSproject/turtle_rec/install/cpp_pubsub/share/cpp_pubsub/package.ps1'
[11.985s] INFO:colcon.colcon_core.shell:Creating package descriptor '/media/sf_zuo-sharefiles/ROSproject/turtle_rec/install/cpp_pubsub/share/cpp_pubsub/package.dsv'
[11.987s] INFO:colcon.colcon_core.shell:Creating package script '/media/sf_zuo-sharefiles/ROSproject/turtle_rec/install/cpp_pubsub/share/cpp_pubsub/package.sh'
[11.991s] INFO:colcon.colcon_core.shell:Creating package script '/media/sf_zuo-sharefiles/ROSproject/turtle_rec/install/cpp_pubsub/share/cpp_pubsub/package.bash'
[11.993s] INFO:colcon.colcon_core.shell:Creating package script '/media/sf_zuo-sharefiles/ROSproject/turtle_rec/install/cpp_pubsub/share/cpp_pubsub/package.zsh'
[11.994s] Level 1:colcon.colcon_core.environment:create_file_with_runtime_dependencies(/media/sf_zuo-sharefiles/ROSproject/turtle_rec/install/cpp_pubsub/share/colcon-core/packages/cpp_pubsub)
[11.997s] DEBUG:colcon.colcon_parallel_executor.executor.parallel:closing loop
[11.999s] DEBUG:colcon.colcon_parallel_executor.executor.parallel:loop closed
[12.000s] DEBUG:colcon.colcon_parallel_executor.executor.parallel:run_until_complete finished with '0'
[12.000s] DEBUG:colcon.colcon_core.event_reactor:joining thread
[12.028s] INFO:colcon.colcon_core.plugin_system:Skipping extension 'colcon_notification.desktop_notification.terminal_notifier': Not used on non-Darwin systems
[12.029s] INFO:colcon.colcon_core.plugin_system:Skipping extension 'colcon_notification.desktop_notification.win32': Not used on non-Windows systems
[12.033s] INFO:colcon.colcon_notification.desktop_notification:Sending desktop notification using 'notify2'
[12.081s] DEBUG:colcon.colcon_core.event_reactor:joined thread
[12.082s] INFO:colcon.colcon_core.shell:Creating prefix script '/media/sf_zuo-sharefiles/ROSproject/turtle_rec/install/local_setup.ps1'
[12.089s] INFO:colcon.colcon_core.shell:Creating prefix util module '/media/sf_zuo-sharefiles/ROSproject/turtle_rec/install/_local_setup_util_ps1.py'
[12.098s] INFO:colcon.colcon_core.shell:Creating prefix chain script '/media/sf_zuo-sharefiles/ROSproject/turtle_rec/install/setup.ps1'
[12.102s] INFO:colcon.colcon_core.shell:Creating prefix script '/media/sf_zuo-sharefiles/ROSproject/turtle_rec/install/local_setup.sh'
[12.110s] INFO:colcon.colcon_core.shell:Creating prefix util module '/media/sf_zuo-sharefiles/ROSproject/turtle_rec/install/_local_setup_util_sh.py'
[12.112s] INFO:colcon.colcon_core.shell:Creating prefix chain script '/media/sf_zuo-sharefiles/ROSproject/turtle_rec/install/setup.sh'
[12.122s] INFO:colcon.colcon_core.shell:Creating prefix script '/media/sf_zuo-sharefiles/ROSproject/turtle_rec/install/local_setup.bash'
[12.125s] INFO:colcon.colcon_core.shell:Creating prefix chain script '/media/sf_zuo-sharefiles/ROSproject/turtle_rec/install/setup.bash'
[12.130s] INFO:colcon.colcon_core.shell:Creating prefix script '/media/sf_zuo-sharefiles/ROSproject/turtle_rec/install/local_setup.zsh'
[12.134s] INFO:colcon.colcon_core.shell:Creating prefix chain script '/media/sf_zuo-sharefiles/ROSproject/turtle_rec/install/setup.zsh'
